<?xml version="1.0" encoding="UTF-8"?>
<!-- Generated by org.testng.reporters.JUnitReportReporter -->
<testsuite hostname="NATALIAMASL7A70" name="com.example.tests.ContactCreationTests" tests="2" failures="1" timestamp="7 Sep 2014 08:36:21 GMT" time="283.029" errors="1">
  <testcase name="testContactCreationWithValidData" time="35.701" classname="com.example.tests.ContactCreationTests">
    <failure type="org.openqa.selenium.UnhandledAlertException" message="Modal dialog present: Do you want to turn AutoComplete on?
Build info: version: &#039;2.42.2&#039;, revision: &#039;6a6995d&#039;, time: &#039;2014-06-03 17:42:03&#039;
System info: host: &#039;NATALIAMASL7A70&#039;, ip: &#039;10.211.55.3&#039;, os.name: &#039;Windows 7&#039;, os.arch: &#039;amd64&#039;, os.version: &#039;6.1&#039;, java.version: &#039;1.8.0_20-ea&#039;
Driver info: org.openqa.selenium.ie.InternetExplorerDriver
Capabilities [{browserAttachTimeout=0, enablePersistentHover=true, ie.forceCreateProcessApi=false, ie.usePerProcessProxy=false, ignoreZoomSetting=false, handlesAlerts=true, version=8, platform=WINDOWS, nativeEvents=true, ie.ensureCleanSession=false, elementScrollBehavior=0, ie.browserCommandLineSwitches=, requireWindowFocus=false, browserName=internet explorer, initialBrowserUrl=http://localhost:1293/, takesScreenshot=true, javascriptEnabled=true, ignoreProtectedModeSettings=true, enableElementCacheCleanup=true, cssSelectorsEnabled=true, unexpectedAlertBehaviour=dismiss}]
Session ID: 847d6407-8106-4db1-9935-a8ece2a5a63c"><![CDATA[<![CDATA[<![CDATA[<![CDATA[
      <![CDATA[org.openqa.selenium.UnhandledAlertException: Modal dialog present: Do you want to turn AutoComplete on?
Build info: version: '2.42.2', revision: '6a6995d', time: '2014-06-03 17:42:03'
System info: host: 'NATALIAMASL7A70', ip: '10.211.55.3', os.name: 'Windows 7', os.arch: 'amd64', os.version: '6.1', java.version: '1.8.0_20-ea'
Driver info: org.openqa.selenium.ie.InternetExplorerDriver
Capabilities [{browserAttachTimeout=0, enablePersistentHover=true, ie.forceCreateProcessApi=false, ie.usePerProcessProxy=false, ignoreZoomSetting=false, handlesAlerts=true, version=8, platform=WINDOWS, nativeEvents=true, ie.ensureCleanSession=false, elementScrollBehavior=0, ie.browserCommandLineSwitches=, requireWindowFocus=false, browserName=internet explorer, initialBrowserUrl=http://localhost:1293/, takesScreenshot=true, javascriptEnabled=true, ignoreProtectedModeSettings=true, enableElementCacheCleanup=true, cssSelectorsEnabled=true, unexpectedAlertBehaviour=dismiss}]
Session ID: 847d6407-8106-4db1-9935-a8ece2a5a63c
	at sun.reflect.NativeConstructorAccessorImpl.newInstance0(Native Method)
	at sun.reflect.NativeConstructorAccessorImpl.newInstance(Unknown Source)
	at sun.reflect.DelegatingConstructorAccessorImpl.newInstance(Unknown Source)
	at java.lang.reflect.Constructor.newInstance(Unknown Source)
	at org.openqa.selenium.remote.ErrorHandler.createThrowable(ErrorHandler.java:204)
	at org.openqa.selenium.remote.ErrorHandler.createUnhandledAlertException(ErrorHandler.java:185)
	at org.openqa.selenium.remote.ErrorHandler.throwIfResponseFailed(ErrorHandler.java:152)
	at org.openqa.selenium.remote.RemoteWebDriver.execute(RemoteWebDriver.java:599)
	at org.openqa.selenium.remote.RemoteWebDriver.findElements(RemoteWebDriver.java:377)
	at org.openqa.selenium.remote.RemoteWebDriver.findElementsById(RemoteWebDriver.java:397)
	at org.openqa.selenium.By$ById.findElements(By.java:206)
	at org.openqa.selenium.remote.RemoteWebDriver.findElements(RemoteWebDriver.java:com.example.fw.NavigationWebDriverHelperionHelper.onMainPage(NavigationHelper.java:37)
	at com.example.fw.NavigationWebDriverHcom.example.fw.ContactWebDriverHelperper.java:15)
	at com.example.fw.ContactHelper.rebucom.example.fw.ContactWebDriverHelper31)
	at com.example.fw.ContactHelper.createContact(ContactHelper.java:47)
	at com.example.tests.ContactCreationTests.testContactCreationWithValidData(ContactCreationTests.java:33)
	at sun.reflect.NativeMethodAccessorImpl.invoke0(Native Method)
	at sun.reflect.NativeMethodAccessorImpl.invoke(Unknown Source)
	at sun.reflect.DelegatingMethodAccessorImpl.invoke(Unknown Source)
	at java.lang.reflect.Method.invoke(Unknown Source)
	at org.testng.internal.MethodInvocationHelper.invokeMethod(MethodInvocationHelper.java:84)
	at org.testng.internal.Invoker.invokeMethod(Invoker.java:714)
	at org.testng.internal.Invoker.invokeTestMethod(Invoker.java:901)
	at org.testng.internal.Invoker.invokeTestMethods(Invoker.java:1231)
	at org.testng.internal.TestMethodWorker.invokeTestMethods(TestMethodWorker.java:127)
	at org.testng.internal.TestMethodWorker.run(TestMethodWorker.java:111)
	at org.testng.TestRunner.privateRun(TestRunner.java:767)
	at org.testng.TestRunner.run(TestRunner.java:617)
	at org.testng.SuiteRunner.runTest(SuiteRunner.java:334)
	at org.testng.SuiteRunner.runSequentially(SuiteRunner.java:329)
	at org.testng.SuiteRunner.privateRun(SuiteRunner.java:291)
	at org.testng.SuiteRunner.run(SuiteRunner.java:240)
	at org.testng.SuiteRunnerWorker.runSuite(SuiteRunnerWorker.java:52)
	at org.testng.SuiteRunnerWorker.run(SuiteRunnerWorker.java:86)
	at org.testng.TestNG.runSuitesSequentially(TestNG.java:1224)
	at org.testng.TestNG.runSuitesLocally(TestNG.java:1149)
	at org.testng.TestNG.run(TestNG.java:1057)
	at org.testng.TestNG.privateMain(TestNG.java:1364)
	at org.testng.TestNG.main(TestNG.java:1333)
]]>
    ]]>]]>]]>]]></failure>
  </testcase> <!-- testContactCreationWithValidData -->
  <testcase name="testContactCreationWithValidData" time="247.328" classname="com.example.tests.ContactCreationTests">
    <error type="java.lang.AssertionError" message="
Expected: &lt;[ContactData{firstName=&#039;&#039;, lastName=&#039;&#039;, address=&#039;null&#039;, mobilePhone=&#039;test-836734843&#039;, email=&#039;test-585035083&#039;, dateBirth=&#039;null&#039;, monthBirth=&#039;null&#039;, yearBirth=&#039;null&#039;}, ContactData{firstName=&#039;&#039;, lastName=&#039;&#039;, address=&#039;null&#039;, mobilePhone=&#039;test1045042430&#039;, email=&#039;&#039;, dateBirth=&#039;null&#039;, monthBirth=&#039;null&#039;, yearBirth=&#039;null&#039;}, ContactData{firstName=&#039;&#039;, lastName=&#039;&#039;, address=&#039;null&#039;, mobilePhone=&#039;&#039;, email=&#039;test549481470&#039;, dateBirth=&#039;null&#039;, monthBirth=&#039;null&#039;, yearBirth=&#039;null&#039;}, ContactData{firstName=&#039;&#039;, lastName=&#039;&#039;, address=&#039;null&#039;, mobilePhone=&#039;&#039;, email=&#039;test549481470&#039;, dateBirth=&#039;null&#039;, monthBirth=&#039;null&#039;, yearBirth=&#039;null&#039;}, ContactData{firstName=&#039;&#039;, lastName=&#039;&#039;, address=&#039;null&#039;, mobilePhone=&#039;&#039;, email=&#039;test549481470&#039;, dateBirth=&#039;null&#039;, monthBirth=&#039;null&#039;, yearBirth=&#039;null&#039;}, ContactData{firstName=&#039;&#039;, lastName=&#039;&#039;, address=&#039;null&#039;, mobilePhone=&#039;&#039;, email=&#039;test549481470&#039;, dateBirth=&#039;null&#039;, monthBirth=&#039;null&#039;, yearBirth=&#039;null&#039;}, ContactData{firstName=&#039;&#039;, lastName=&#039;&#039;, address=&#039;null&#039;, mobilePhone=&#039;&#039;, email=&#039;test549481470&#039;, dateBirth=&#039;null&#039;, monthBirth=&#039;null&#039;, yearBirth=&#039;null&#039;}, ContactData{firstName=&#039;&#039;, lastName=&#039;&#039;, address=&#039;null&#039;, mobilePhone=&#039;&#039;, email=&#039;test549481470&#039;, dateBirth=&#039;null&#039;, monthBirth=&#039;null&#039;, yearBirth=&#039;null&#039;}, ContactData{firstName=&#039;test-1386885785&#039;, lastName=&#039;&#039;, address=&#039;null&#039;, mobilePhone=&#039;test1643335752&#039;, email=&#039;&#039;, dateBirth=&#039;null&#039;, monthBirth=&#039;null&#039;, yearBirth=&#039;null&#039;}, ContactData{firstName=&#039;test-1386885785&#039;, lastName=&#039;&#039;, address=&#039;null&#039;, mobilePhone=&#039;test1643335752&#039;, email=&#039;&#039;, dateBirth=&#039;null&#039;, monthBirth=&#039;null&#039;, yearBirth=&#039;null&#039;}, ContactData{firstName=&#039;test-1386885785&#039;, lastName=&#039;&#039;, address=&#039;null&#039;, mobilePhone=&#039;test1643335752&#039;, email=&#039;&#039;, dateBirth=&#039;null&#039;, monthBirth=&#039;null&#039;, yearBirth=&#039;null&#039;}, ContactData{firstName=&#039;test-1386885785&#039;, lastName=&#039;&#039;, address=&#039;null&#039;, mobilePhone=&#039;test1643335752&#039;, email=&#039;&#039;, dateBirth=&#039;null&#039;, monthBirth=&#039;null&#039;, yearBirth=&#039;null&#039;}, ContactData{firstName=&#039;test-1386885785&#039;, lastName=&#039;&#039;, address=&#039;null&#039;, mobilePhone=&#039;test1643335752&#039;, email=&#039;&#039;, dateBirth=&#039;null&#039;, monthBirth=&#039;null&#039;, yearBirth=&#039;null&#039;}, ContactData{firstName=&#039;test-1551204706&#039;, lastName=&#039;&#039;, address=&#039;null&#039;, mobilePhone=&#039;test1073971578&#039;, email=&#039;&#039;, dateBirth=&#039;null&#039;, monthBirth=&#039;null&#039;, yearBirth=&#039;null&#039;}, ContactData{firstName=&#039;test-1767641318&#039;, lastName=&#039;&#039;, address=&#039;null&#039;, mobilePhone=&#039;test935255826&#039;, email=&#039;&#039;, dateBirth=&#039;null&#039;, monthBirth=&#039;null&#039;, yearBirth=&#039;null&#039;}, ContactData{firstName=&#039;test-1767641318&#039;, lastName=&#039;&#039;, address=&#039;null&#039;, mobilePhone=&#039;test935255826&#039;, email=&#039;&#039;, dateBirth=&#039;null&#039;, monthBirth=&#039;null&#039;, yearBirth=&#039;null&#039;}, ContactData{firstName=&#039;test-1767641318&#039;, lastName=&#039;&#039;, address=&#039;null&#039;, mobilePhone=&#039;test935255826&#039;, email=&#039;&#039;, dateBirth=&#039;null&#039;, monthBirth=&#039;null&#039;, yearBirth=&#039;null&#039;}, ContactData{firstName=&#039;test-1767641318&#039;, lastName=&#039;&#039;, address=&#039;null&#039;, mobilePhone=&#039;test935255826&#039;, email=&#039;&#039;, dateBirth=&#039;null&#039;, monthBirth=&#039;null&#039;, yearBirth=&#039;null&#039;}, ContactData{firstName=&#039;test-1767641318&#039;, lastName=&#039;&#039;, address=&#039;null&#039;, mobilePhone=&#039;test935255826&#039;, email=&#039;&#039;, dateBirth=&#039;null&#039;, monthBirth=&#039;null&#039;, yearBirth=&#039;null&#039;}, ContactData{firstName=&#039;test-1767641318&#039;, lastName=&#039;&#039;, address=&#039;null&#039;, mobilePhone=&#039;test935255826&#039;, email=&#039;&#039;, dateBirth=&#039;null&#039;, monthBirth=&#039;null&#039;, yearBirth=&#039;null&#039;}, ContactData{firstName=&#039;test-2028308566&#039;, lastName=&#039;&#039;, address=&#039;null&#039;, mobilePhone=&#039;&#039;, email=&#039;test-447692937&#039;, dateBirth=&#039;null&#039;, monthBirth=&#039;null&#039;, yearBirth=&#039;null&#039;}, ContactData{firstName=&#039;test1071625&#039;, lastName=&#039;&#039;, address=&#039;null&#039;, mobilePhone=&#039;test350565088&#039;, email=&#039;test-799210202&#039;, dateBirth=&#039;null&#039;, monthBirth=&#039;null&#039;, yearBirth=&#039;null&#039;}, ContactData{firstName=&#039;test1848553755&#039;, lastName=&#039;&#039;, address=&#039;null&#039;, mobilePhone=&#039;&#039;, email=&#039;test-603747668&#039;, dateBirth=&#039;null&#039;, monthBirth=&#039;null&#039;, yearBirth=&#039;null&#039;}, ContactData{firstName=&#039;test1848553755&#039;, lastName=&#039;&#039;, address=&#039;null&#039;, mobilePhone=&#039;&#039;, email=&#039;test-603747668&#039;, dateBirth=&#039;null&#039;, monthBirth=&#039;null&#039;, yearBirth=&#039;null&#039;}, ContactData{firstName=&#039;test1848553755&#039;, lastName=&#039;&#039;, address=&#039;null&#039;, mobilePhone=&#039;&#039;, email=&#039;test-603747668&#039;, dateBirth=&#039;null&#039;, monthBirth=&#039;null&#039;, yearBirth=&#039;null&#039;}, ContactData{firstName=&#039;test1848553755&#039;, lastName=&#039;&#039;, address=&#039;null&#039;, mobilePhone=&#039;&#039;, email=&#039;test-603747668&#039;, dateBirth=&#039;null&#039;, monthBirth=&#039;null&#039;, yearBirth=&#039;null&#039;}, ContactData{firstName=&#039;test1848553755&#039;, lastName=&#039;&#039;, address=&#039;null&#039;, mobilePhone=&#039;&#039;, email=&#039;test-603747668&#039;, dateBirth=&#039;null&#039;, monthBirth=&#039;null&#039;, yearBirth=&#039;null&#039;}, ContactData{firstName=&#039;Natalia&#039;, lastName=&#039;Maslova&#039;, address=&#039;null&#039;, mobilePhone=&#039;+380509997755&#039;, email=&#039;maslova.nd@gmail.com&#039;, dateBirth=&#039;null&#039;, monthBirth=&#039;null&#039;, yearBirth=&#039;null&#039;}, ContactData{firstName=&#039;Natalia&#039;, lastName=&#039;Maslova&#039;, address=&#039;null&#039;, mobilePhone=&#039;+380509997755&#039;, email=&#039;maslova.nd@gmail.com&#039;, dateBirth=&#039;null&#039;, monthBirth=&#039;null&#039;, yearBirth=&#039;null&#039;}, ContactData{firstName=&#039;Natalia&#039;, lastName=&#039;Maslova&#039;, address=&#039;null&#039;, mobilePhone=&#039;+380509997755&#039;, email=&#039;maslova.nd@gmail.com&#039;, dateBirth=&#039;null&#039;, monthBirth=&#039;null&#039;, yearBirth=&#039;null&#039;}, ContactData{firstName=&#039;Natalia&#039;, lastName=&#039;Maslova&#039;, address=&#039;null&#039;, mobilePhone=&#039;+380509997755&#039;, email=&#039;maslova.nd@gmail.com&#039;, dateBirth=&#039;null&#039;, monthBirth=&#039;null&#039;, yearBirth=&#039;null&#039;}, ContactData{firstName=&#039;Natalia&#039;, lastName=&#039;Maslova&#039;, address=&#039;null&#039;, mobilePhone=&#039;+380509997755&#039;, email=&#039;maslova.nd@gmail.com&#039;, dateBirth=&#039;null&#039;, monthBirth=&#039;null&#039;, yearBirth=&#039;null&#039;}, ContactData{firstName=&#039;Natalia&#039;, lastName=&#039;Maslova&#039;, address=&#039;null&#039;, mobilePhone=&#039;+380509997755&#039;, email=&#039;maslova.nd@gmail.com&#039;, dateBirth=&#039;null&#039;, monthBirth=&#039;null&#039;, yearBirth=&#039;null&#039;}, ContactData{firstName=&#039;Natalia&#039;, lastName=&#039;Maslova&#039;, address=&#039;null&#039;, mobilePhone=&#039;+380509997755&#039;, email=&#039;maslova.nd@gmail.com&#039;, dateBirth=&#039;null&#039;, monthBirth=&#039;null&#039;, yearBirth=&#039;null&#039;}, ContactData{firstName=&#039;Natalia&#039;, lastName=&#039;Maslova&#039;, address=&#039;null&#039;, mobilePhone=&#039;+380509997755&#039;, email=&#039;maslova.nd@gmail.com&#039;, dateBirth=&#039;null&#039;, monthBirth=&#039;null&#039;, yearBirth=&#039;null&#039;}, ContactData{firstName=&#039;Natalia&#039;, lastName=&#039;Maslova&#039;, address=&#039;null&#039;, mobilePhone=&#039;+380509997755&#039;, email=&#039;maslova.nd@gmail.com&#039;, dateBirth=&#039;null&#039;, monthBirth=&#039;null&#039;, yearBirth=&#039;null&#039;}, ContactData{firstName=&#039;Natalia&#039;, lastName=&#039;Maslova&#039;, address=&#039;null&#039;, mobilePhone=&#039;+380509997755&#039;, email=&#039;maslova.nd@gmail.com&#039;, dateBirth=&#039;null&#039;, monthBirth=&#039;null&#039;, yearBirth=&#039;null&#039;}, ContactData{firstName=&#039;Natalia&#039;, lastName=&#039;Maslova&#039;, address=&#039;null&#039;, mobilePhone=&#039;+380509997755&#039;, email=&#039;maslova.nd@gmail.com&#039;, dateBirth=&#039;null&#039;, monthBirth=&#039;null&#039;, yearBirth=&#039;null&#039;}, ContactData{firstName=&#039;test454059419&#039;, lastName=&#039;test-1096294426&#039;, address=&#039;null&#039;, mobilePhone=&#039;test1012281554&#039;, email=&#039;test-2062372343&#039;, dateBirth=&#039;null&#039;, monthBirth=&#039;null&#039;, yearBirth=&#039;null&#039;}, ContactData{firstName=&#039;test1708673099&#039;, lastName=&#039;test-1125328751&#039;, address=&#039;null&#039;, mobilePhone=&#039;test322438628&#039;, email=&#039;&#039;, dateBirth=&#039;null&#039;, monthBirth=&#039;null&#039;, yearBirth=&#039;null&#039;}, ContactData{firstName=&#039;test1179622481&#039;, lastName=&#039;test-1791016192&#039;, address=&#039;null&#039;, mobilePhone=&#039;test-1178083587&#039;, email=&#039;test114564469&#039;, dateBirth=&#039;null&#039;, monthBirth=&#039;null&#039;, yearBirth=&#039;null&#039;}, ContactData{firstName=&#039;&#039;, lastName=&#039;test-2075038837&#039;, address=&#039;null&#039;, mobilePhone=&#039;&#039;, email=&#039;test-1492728480&#039;, dateBirth=&#039;null&#039;, monthBirth=&#039;null&#039;, yearBirth=&#039;null&#039;}, ContactData{firstName=&#039;test370196590&#039;, lastName=&#039;test-2087171033&#039;, address=&#039;null&#039;, mobilePhone=&#039;test1497145511&#039;, email=&#039;test-101151807&#039;, dateBirth=&#039;null&#039;, monthBirth=&#039;null&#039;, yearBirth=&#039;null&#039;}, ContactData{firstName=&#039;test1362450907&#039;, lastName=&#039;test-389265887&#039;, address=&#039;null&#039;, mobilePhone=&#039;&#039;, email=&#039;&#039;, dateBirth=&#039;null&#039;, monthBirth=&#039;null&#039;, yearBirth=&#039;null&#039;}, ContactData{firstName=&#039;&#039;, lastName=&#039;test-432300383&#039;, address=&#039;null&#039;, mobilePhone=&#039;test1153516621&#039;, email=&#039;test-1584964484&#039;, dateBirth=&#039;null&#039;, monthBirth=&#039;null&#039;, yearBirth=&#039;null&#039;}, ContactData{firstName=&#039;test-949960147&#039;, lastName=&#039;test-85964818&#039;, address=&#039;null&#039;, mobilePhone=&#039;test5724974&#039;, email=&#039;test-1206387800&#039;, dateBirth=&#039;null&#039;, monthBirth=&#039;null&#039;, yearBirth=&#039;null&#039;}, ContactData{firstName=&#039;test-949960147&#039;, lastName=&#039;test-85964818&#039;, address=&#039;null&#039;, mobilePhone=&#039;test5724974&#039;, email=&#039;test-1206387800&#039;, dateBirth=&#039;null&#039;, monthBirth=&#039;null&#039;, yearBirth=&#039;null&#039;}, ContactData{firstName=&#039;test-949960147&#039;, lastName=&#039;test-85964818&#039;, address=&#039;null&#039;, mobilePhone=&#039;test5724974&#039;, email=&#039;test-1206387800&#039;, dateBirth=&#039;null&#039;, monthBirth=&#039;null&#039;, yearBirth=&#039;null&#039;}, ContactData{firstName=&#039;test-949960147&#039;, lastName=&#039;test-85964818&#039;, address=&#039;null&#039;, mobilePhone=&#039;test5724974&#039;, email=&#039;test-1206387800&#039;, dateBirth=&#039;null&#039;, monthBirth=&#039;null&#039;, yearBirth=&#039;null&#039;}, ContactData{firstName=&#039;test-949960147&#039;, lastName=&#039;test-85964818&#039;, address=&#039;null&#039;, mobilePhone=&#039;test5724974&#039;, email=&#039;test-1206387800&#039;, dateBirth=&#039;null&#039;, monthBirth=&#039;null&#039;, yearBirth=&#039;null&#039;}, ContactData{firstName=&#039;test-363104790&#039;, lastName=&#039;test1150687125&#039;, address=&#039;null&#039;, mobilePhone=&#039;test812527360&#039;, email=&#039;test-1993302949&#039;, dateBirth=&#039;null&#039;, monthBirth=&#039;null&#039;, yearBirth=&#039;null&#039;}, ContactData{firstName=&#039;test-363104790&#039;, lastName=&#039;test1150687125&#039;, address=&#039;null&#039;, mobilePhone=&#039;test812527360&#039;, email=&#039;test-1993302949&#039;, dateBirth=&#039;null&#039;, monthBirth=&#039;null&#039;, yearBirth=&#039;null&#039;}, ContactData{firstName=&#039;test-363104790&#039;, lastName=&#039;test1150687125&#039;, address=&#039;null&#039;, mobilePhone=&#039;test812527360&#039;, email=&#039;test-1993302949&#039;, dateBirth=&#039;null&#039;, monthBirth=&#039;null&#039;, yearBirth=&#039;null&#039;}, ContactData{firstName=&#039;test-363104790&#039;, lastName=&#039;test1150687125&#039;, address=&#039;null&#039;, mobilePhone=&#039;test812527360&#039;, email=&#039;test-1993302949&#039;, dateBirth=&#039;null&#039;, monthBirth=&#039;null&#039;, yearBirth=&#039;null&#039;}, ContactData{firstName=&#039;test-363104790&#039;, lastName=&#039;test1150687125&#039;, address=&#039;null&#039;, mobilePhone=&#039;test812527360&#039;, email=&#039;test-1993302949&#039;, dateBirth=&#039;null&#039;, monthBirth=&#039;null&#039;, yearBirth=&#039;null&#039;}, ContactData{firstName=&#039;test-363104790&#039;, lastName=&#039;test1150687125&#039;, address=&#039;null&#039;, mobilePhone=&#039;test812527360&#039;, email=&#039;test-1993302949&#039;, dateBirth=&#039;null&#039;, monthBirth=&#039;null&#039;, yearBirth=&#039;null&#039;}, ContactData{firstName=&#039;test-363104790&#039;, lastName=&#039;test1150687125&#039;, address=&#039;null&#039;, mobilePhone=&#039;test812527360&#039;, email=&#039;test-1993302949&#039;, dateBirth=&#039;null&#039;, monthBirth=&#039;null&#039;, yearBirth=&#039;null&#039;}, ContactData{firstName=&#039;test-363104790&#039;, lastName=&#039;test1150687125&#039;, address=&#039;null&#039;, mobilePhone=&#039;test812527360&#039;, email=&#039;test-1993302949&#039;, dateBirth=&#039;null&#039;, monthBirth=&#039;null&#039;, yearBirth=&#039;null&#039;}, ContactData{firstName=&#039;test-363104790&#039;, lastName=&#039;test1150687125&#039;, address=&#039;null&#039;, mobilePhone=&#039;test812527360&#039;, email=&#039;test-1993302949&#039;, dateBirth=&#039;null&#039;, monthBirth=&#039;null&#039;, yearBirth=&#039;null&#039;}, ContactData{firstName=&#039;&#039;, lastName=&#039;test124523223&#039;, address=&#039;null&#039;, mobilePhone=&#039;test818947573&#039;, email=&#039;test-1699396857&#039;, dateBirth=&#039;null&#039;, monthBirth=&#039;null&#039;, yearBirth=&#039;null&#039;}, ContactData{firstName=&#039;&#039;, lastName=&#039;test143757501&#039;, address=&#039;null&#039;, mobilePhone=&#039;test-159889063&#039;, email=&#039;&#039;, dateBirth=&#039;null&#039;, monthBirth=&#039;null&#039;, yearBirth=&#039;null&#039;}, ContactData{firstName=&#039;&#039;, lastName=&#039;test143757501&#039;, address=&#039;null&#039;, mobilePhone=&#039;test-159889063&#039;, email=&#039;&#039;, dateBirth=&#039;null&#039;, monthBirth=&#039;null&#039;, yearBirth=&#039;null&#039;}, ContactData{firstName=&#039;&#039;, lastName=&#039;test143757501&#039;, address=&#039;null&#039;, mobilePhone=&#039;test-159889063&#039;, email=&#039;&#039;, dateBirth=&#039;null&#039;, monthBirth=&#039;null&#039;, yearBirth=&#039;null&#039;}, ContactData{firstName=&#039;&#039;, lastName=&#039;test143757501&#039;, address=&#039;null&#039;, mobilePhone=&#039;test-159889063&#039;, email=&#039;&#039;, dateBirth=&#039;null&#039;, monthBirth=&#039;null&#039;, yearBirth=&#039;null&#039;}, ContactData{firstName=&#039;&#039;, lastName=&#039;test143757501&#039;, address=&#039;null&#039;, mobilePhone=&#039;test-159889063&#039;, email=&#039;&#039;, dateBirth=&#039;null&#039;, monthBirth=&#039;null&#039;, yearBirth=&#039;null&#039;}, ContactData{firstName=&#039;&#039;, lastName=&#039;test143757501&#039;, address=&#039;null&#039;, mobilePhone=&#039;test-159889063&#039;, email=&#039;&#039;, dateBirth=&#039;null&#039;, monthBirth=&#039;null&#039;, yearBirth=&#039;null&#039;}, ContactData{firstName=&#039;&#039;, lastName=&#039;test143757501&#039;, address=&#039;null&#039;, mobilePhone=&#039;test-159889063&#039;, email=&#039;&#039;, dateBirth=&#039;null&#039;, monthBirth=&#039;null&#039;, yearBirth=&#039;null&#039;}, ContactData{firstName=&#039;&#039;, lastName=&#039;test143757501&#039;, address=&#039;null&#039;, mobilePhone=&#039;test-159889063&#039;, email=&#039;&#039;, dateBirth=&#039;null&#039;, monthBirth=&#039;null&#039;, yearBirth=&#039;null&#039;}, ContactData{firstName=&#039;&#039;, lastName=&#039;test143757501&#039;, address=&#039;null&#039;, mobilePhone=&#039;test-159889063&#039;, email=&#039;&#039;, dateBirth=&#039;null&#039;, monthBirth=&#039;null&#039;, yearBirth=&#039;null&#039;}, ContactData{firstName=&#039;&#039;, lastName=&#039;test143757501&#039;, address=&#039;null&#039;, mobilePhone=&#039;test-159889063&#039;, email=&#039;&#039;, dateBirth=&#039;null&#039;, monthBirth=&#039;null&#039;, yearBirth=&#039;null&#039;}, ContactData{firstName=&#039;&#039;, lastName=&#039;test143757501&#039;, address=&#039;null&#039;, mobilePhone=&#039;test-159889063&#039;, email=&#039;&#039;, dateBirth=&#039;null&#039;, monthBirth=&#039;null&#039;, yearBirth=&#039;null&#039;}, ContactData{firstName=&#039;&#039;, lastName=&#039;test143757501&#039;, address=&#039;test2107331409&#039;, mobilePhone=&#039;test-159889063&#039;, email=&#039;&#039;, dateBirth=&#039;2&#039;, monthBirth=&#039;April&#039;, yearBirth=&#039;1453&#039;}, ContactData{firstName=&#039;test-1698965700&#039;, lastName=&#039;test1813333897&#039;, address=&#039;null&#039;, mobilePhone=&#039;test-1718627751&#039;, email=&#039;&#039;, dateBirth=&#039;null&#039;, monthBirth=&#039;null&#039;, yearBirth=&#039;null&#039;}, ContactData{firstName=&#039;test-1698965700&#039;, lastName=&#039;test1813333897&#039;, address=&#039;null&#039;, mobilePhone=&#039;test-1718627751&#039;, email=&#039;&#039;, dateBirth=&#039;null&#039;, monthBirth=&#039;null&#039;, yearBirth=&#039;null&#039;}, ContactData{firstName=&#039;test-1698965700&#039;, lastName=&#039;test1813333897&#039;, address=&#039;null&#039;, mobilePhone=&#039;test-1718627751&#039;, email=&#039;&#039;, dateBirth=&#039;null&#039;, monthBirth=&#039;null&#039;, yearBirth=&#039;null&#039;}, ContactData{firstName=&#039;test-1698965700&#039;, lastName=&#039;test1813333897&#039;, address=&#039;null&#039;, mobilePhone=&#039;test-1718627751&#039;, email=&#039;&#039;, dateBirth=&#039;null&#039;, monthBirth=&#039;null&#039;, yearBirth=&#039;null&#039;}, ContactData{firstName=&#039;test-1698965700&#039;, lastName=&#039;test1813333897&#039;, address=&#039;null&#039;, mobilePhone=&#039;test-1718627751&#039;, email=&#039;&#039;, dateBirth=&#039;null&#039;, monthBirth=&#039;null&#039;, yearBirth=&#039;null&#039;}, ContactData{firstName=&#039;test-1421557881&#039;, lastName=&#039;test1912168969&#039;, address=&#039;null&#039;, mobilePhone=&#039;&#039;, email=&#039;test-553664109&#039;, dateBirth=&#039;null&#039;, monthBirth=&#039;null&#039;, yearBirth=&#039;null&#039;}, ContactData{firstName=&#039;test-2073125732&#039;, lastName=&#039;test198581471&#039;, address=&#039;null&#039;, mobilePhone=&#039;&#039;, email=&#039;&#039;, dateBirth=&#039;null&#039;, monthBirth=&#039;null&#039;, yearBirth=&#039;null&#039;}, ContactData{firstName=&#039;test-2073125732&#039;, lastName=&#039;test198581471&#039;, address=&#039;null&#039;, mobilePhone=&#039;&#039;, email=&#039;&#039;, dateBirth=&#039;null&#039;, monthBirth=&#039;null&#039;, yearBirth=&#039;null&#039;}, ContactData{firstName=&#039;test-2073125732&#039;, lastName=&#039;test198581471&#039;, address=&#039;null&#039;, mobilePhone=&#039;&#039;, email=&#039;&#039;, dateBirth=&#039;null&#039;, monthBirth=&#039;null&#039;, yearBirth=&#039;null&#039;}, ContactData{firstName=&#039;test-2073125732&#039;, lastName=&#039;test198581471&#039;, address=&#039;null&#039;, mobilePhone=&#039;&#039;, email=&#039;&#039;, dateBirth=&#039;null&#039;, monthBirth=&#039;null&#039;, yearBirth=&#039;null&#039;}, ContactData{firstName=&#039;test-2073125732&#039;, lastName=&#039;test198581471&#039;, address=&#039;null&#039;, mobilePhone=&#039;&#039;, email=&#039;&#039;, dateBirth=&#039;null&#039;, monthBirth=&#039;null&#039;, yearBirth=&#039;null&#039;}, ContactData{firstName=&#039;test-2073125732&#039;, lastName=&#039;test198581471&#039;, address=&#039;null&#039;, mobilePhone=&#039;&#039;, email=&#039;&#039;, dateBirth=&#039;null&#039;, monthBirth=&#039;null&#039;, yearBirth=&#039;null&#039;}, ContactData{firstName=&#039;test-1035740089&#039;, lastName=&#039;test2101242929&#039;, address=&#039;null&#039;, mobilePhone=&#039;test539178050&#039;, email=&#039;&#039;, dateBirth=&#039;null&#039;, monthBirth=&#039;null&#039;, yearBirth=&#039;null&#039;}, ContactData{firstName=&#039;test572033207&#039;, lastName=&#039;test369181521&#039;, address=&#039;null&#039;, mobilePhone=&#039;test-294194410&#039;, email=&#039;test-1956175168&#039;, dateBirth=&#039;null&#039;, monthBirth=&#039;null&#039;, yearBirth=&#039;null&#039;}, ContactData{firstName=&#039;&#039;, lastName=&#039;test440232425&#039;, address=&#039;null&#039;, mobilePhone=&#039;test7458516&#039;, email=&#039;test741651782&#039;, dateBirth=&#039;null&#039;, monthBirth=&#039;null&#039;, yearBirth=&#039;null&#039;}, ContactData{firstName=&#039;test-234922828&#039;, lastName=&#039;test595372570&#039;, address=&#039;null&#039;, mobilePhone=&#039;test2114689914&#039;, email=&#039;test1460496132&#039;, dateBirth=&#039;null&#039;, monthBirth=&#039;null&#039;, yearBirth=&#039;null&#039;}, ContactData{firstName=&#039;test1845226584&#039;, lastName=&#039;test663534883&#039;, address=&#039;null&#039;, mobilePhone=&#039;test-1922647136&#039;, email=&#039;test-1590810812&#039;, dateBirth=&#039;null&#039;, monthBirth=&#039;null&#039;, yearBirth=&#039;null&#039;}, ContactData{firstName=&#039;test1845226584&#039;, lastName=&#039;test663534883&#039;, address=&#039;null&#039;, mobilePhone=&#039;test-1922647136&#039;, email=&#039;test-1590810812&#039;, dateBirth=&#039;null&#039;, monthBirth=&#039;null&#039;, yearBirth=&#039;null&#039;}, ContactData{firstName=&#039;test1845226584&#039;, lastName=&#039;test663534883&#039;, address=&#039;null&#039;, mobilePhone=&#039;test-1922647136&#039;, email=&#039;test-1590810812&#039;, dateBirth=&#039;null&#039;, monthBirth=&#039;null&#039;, yearBirth=&#039;null&#039;}, ContactData{firstName=&#039;test1845226584&#039;, lastName=&#039;test663534883&#039;, address=&#039;null&#039;, mobilePhone=&#039;test-1922647136&#039;, email=&#039;test-1590810812&#039;, dateBirth=&#039;null&#039;, monthBirth=&#039;null&#039;, yearBirth=&#039;null&#039;}, ContactData{firstName=&#039;test1845226584&#039;, lastName=&#039;test663534883&#039;, address=&#039;null&#039;, mobilePhone=&#039;test-1922647136&#039;, email=&#039;test-1590810812&#039;, dateBirth=&#039;null&#039;, monthBirth=&#039;null&#039;, yearBirth=&#039;null&#039;}, ContactData{firstName=&#039;&#039;, lastName=&#039;test842922543&#039;, address=&#039;null&#039;, mobilePhone=&#039;&#039;, email=&#039;&#039;, dateBirth=&#039;null&#039;, monthBirth=&#039;null&#039;, yearBirth=&#039;null&#039;}, ContactData{firstName=&#039;&#039;, lastName=&#039;tortilla&#039;, address=&#039;null&#039;, mobilePhone=&#039;&#039;, email=&#039;&#039;, dateBirth=&#039;null&#039;, monthBirth=&#039;null&#039;, yearBirth=&#039;null&#039;}]&gt;
     but: was &lt;[ContactData{firstName=&#039;&#039;, lastName=&#039;&#039;, address=&#039;null&#039;, mobilePhone=&#039;test-836734843&#039;, email=&#039;test-585035083&#039;, dateBirth=&#039;null&#039;, monthBirth=&#039;null&#039;, yearBirth=&#039;null&#039;}, ContactData{firstName=&#039;&#039;, lastName=&#039;&#039;, address=&#039;null&#039;, mobilePhone=&#039;test1045042430&#039;, email=&#039;&#039;, dateBirth=&#039;null&#039;, monthBirth=&#039;null&#039;, yearBirth=&#039;null&#039;}, ContactData{firstName=&#039;&#039;, lastName=&#039;&#039;, address=&#039;null&#039;, mobilePhone=&#039;&#039;, email=&#039;test549481470&#039;, dateBirth=&#039;null&#039;, monthBirth=&#039;null&#039;, yearBirth=&#039;null&#039;}, ContactData{firstName=&#039;&#039;, lastName=&#039;&#039;, address=&#039;null&#039;, mobilePhone=&#039;&#039;, email=&#039;test549481470&#039;, dateBirth=&#039;null&#039;, monthBirth=&#039;null&#039;, yearBirth=&#039;null&#039;}, ContactData{firstName=&#039;&#039;, lastName=&#039;&#039;, address=&#039;null&#039;, mobilePhone=&#039;&#039;, email=&#039;test549481470&#039;, dateBirth=&#039;null&#039;, monthBirth=&#039;null&#039;, yearBirth=&#039;null&#039;}, ContactData{firstName=&#039;&#039;, lastName=&#039;&#039;, address=&#039;null&#039;, mobilePhone=&#039;&#039;, email=&#039;test549481470&#039;, dateBirth=&#039;null&#039;, monthBirth=&#039;null&#039;, yearBirth=&#039;null&#039;}, ContactData{firstName=&#039;&#039;, lastName=&#039;&#039;, address=&#039;null&#039;, mobilePhone=&#039;&#039;, email=&#039;test549481470&#039;, dateBirth=&#039;null&#039;, monthBirth=&#039;null&#039;, yearBirth=&#039;null&#039;}, ContactData{firstName=&#039;&#039;, lastName=&#039;&#039;, address=&#039;null&#039;, mobilePhone=&#039;&#039;, email=&#039;test549481470&#039;, dateBirth=&#039;null&#039;, monthBirth=&#039;null&#039;, yearBirth=&#039;null&#039;}, ContactData{firstName=&#039;test-1386885785&#039;, lastName=&#039;&#039;, address=&#039;null&#039;, mobilePhone=&#039;test1643335752&#039;, email=&#039;&#039;, dateBirth=&#039;null&#039;, monthBirth=&#039;null&#039;, yearBirth=&#039;null&#039;}, ContactData{firstName=&#039;test-1386885785&#039;, lastName=&#039;&#039;, address=&#039;null&#039;, mobilePhone=&#039;test1643335752&#039;, email=&#039;&#039;, dateBirth=&#039;null&#039;, monthBirth=&#039;null&#039;, yearBirth=&#039;null&#039;}, ContactData{firstName=&#039;test-1386885785&#039;, lastName=&#039;&#039;, address=&#039;null&#039;, mobilePhone=&#039;test1643335752&#039;, email=&#039;&#039;, dateBirth=&#039;null&#039;, monthBirth=&#039;null&#039;, yearBirth=&#039;null&#039;}, ContactData{firstName=&#039;test-1386885785&#039;, lastName=&#039;&#039;, address=&#039;null&#039;, mobilePhone=&#039;test1643335752&#039;, email=&#039;&#039;, dateBirth=&#039;null&#039;, monthBirth=&#039;null&#039;, yearBirth=&#039;null&#039;}, ContactData{firstName=&#039;test-1386885785&#039;, lastName=&#039;&#039;, address=&#039;null&#039;, mobilePhone=&#039;test1643335752&#039;, email=&#039;&#039;, dateBirth=&#039;null&#039;, monthBirth=&#039;null&#039;, yearBirth=&#039;null&#039;}, ContactData{firstName=&#039;test-1551204706&#039;, lastName=&#039;&#039;, address=&#039;null&#039;, mobilePhone=&#039;test1073971578&#039;, email=&#039;&#039;, dateBirth=&#039;null&#039;, monthBirth=&#039;null&#039;, yearBirth=&#039;null&#039;}, ContactData{firstName=&#039;test-1767641318&#039;, lastName=&#039;&#039;, address=&#039;null&#039;, mobilePhone=&#039;test935255826&#039;, email=&#039;&#039;, dateBirth=&#039;null&#039;, monthBirth=&#039;null&#039;, yearBirth=&#039;null&#039;}, ContactData{firstName=&#039;test-1767641318&#039;, lastName=&#039;&#039;, address=&#039;null&#039;, mobilePhone=&#039;test935255826&#039;, email=&#039;&#039;, dateBirth=&#039;null&#039;, monthBirth=&#039;null&#039;, yearBirth=&#039;null&#039;}, ContactData{firstName=&#039;test-1767641318&#039;, lastName=&#039;&#039;, address=&#039;null&#039;, mobilePhone=&#039;test935255826&#039;, email=&#039;&#039;, dateBirth=&#039;null&#039;, monthBirth=&#039;null&#039;, yearBirth=&#039;null&#039;}, ContactData{firstName=&#039;test-1767641318&#039;, lastName=&#039;&#039;, address=&#039;null&#039;, mobilePhone=&#039;test935255826&#039;, email=&#039;&#039;, dateBirth=&#039;null&#039;, monthBirth=&#039;null&#039;, yearBirth=&#039;null&#039;}, ContactData{firstName=&#039;test-1767641318&#039;, lastName=&#039;&#039;, address=&#039;null&#039;, mobilePhone=&#039;test935255826&#039;, email=&#039;&#039;, dateBirth=&#039;null&#039;, monthBirth=&#039;null&#039;, yearBirth=&#039;null&#039;}, ContactData{firstName=&#039;test-1767641318&#039;, lastName=&#039;&#039;, address=&#039;null&#039;, mobilePhone=&#039;test935255826&#039;, email=&#039;&#039;, dateBirth=&#039;null&#039;, monthBirth=&#039;null&#039;, yearBirth=&#039;null&#039;}, ContactData{firstName=&#039;test-2028308566&#039;, lastName=&#039;&#039;, address=&#039;null&#039;, mobilePhone=&#039;&#039;, email=&#039;test-447692937&#039;, dateBirth=&#039;null&#039;, monthBirth=&#039;null&#039;, yearBirth=&#039;null&#039;}, ContactData{firstName=&#039;test1071625&#039;, lastName=&#039;&#039;, address=&#039;null&#039;, mobilePhone=&#039;test350565088&#039;, email=&#039;test-799210202&#039;, dateBirth=&#039;null&#039;, monthBirth=&#039;null&#039;, yearBirth=&#039;null&#039;}, ContactData{firstName=&#039;test1848553755&#039;, lastName=&#039;&#039;, address=&#039;null&#039;, mobilePhone=&#039;&#039;, email=&#039;test-603747668&#039;, dateBirth=&#039;null&#039;, monthBirth=&#039;null&#039;, yearBirth=&#039;null&#039;}, ContactData{firstName=&#039;test1848553755&#039;, lastName=&#039;&#039;, address=&#039;null&#039;, mobilePhone=&#039;&#039;, email=&#039;test-603747668&#039;, dateBirth=&#039;null&#039;, monthBirth=&#039;null&#039;, yearBirth=&#039;null&#039;}, ContactData{firstName=&#039;test1848553755&#039;, lastName=&#039;&#039;, address=&#039;null&#039;, mobilePhone=&#039;&#039;, email=&#039;test-603747668&#039;, dateBirth=&#039;null&#039;, monthBirth=&#039;null&#039;, yearBirth=&#039;null&#039;}, ContactData{firstName=&#039;test1848553755&#039;, lastName=&#039;&#039;, address=&#039;null&#039;, mobilePhone=&#039;&#039;, email=&#039;test-603747668&#039;, dateBirth=&#039;null&#039;, monthBirth=&#039;null&#039;, yearBirth=&#039;null&#039;}, ContactData{firstName=&#039;test1848553755&#039;, lastName=&#039;&#039;, address=&#039;null&#039;, mobilePhone=&#039;&#039;, email=&#039;test-603747668&#039;, dateBirth=&#039;null&#039;, monthBirth=&#039;null&#039;, yearBirth=&#039;null&#039;}, ContactData{firstName=&#039;Natalia&#039;, lastName=&#039;Maslova&#039;, address=&#039;null&#039;, mobilePhone=&#039;+380509997755&#039;, email=&#039;maslova.nd@gmail.com&#039;, dateBirth=&#039;null&#039;, monthBirth=&#039;null&#039;, yearBirth=&#039;null&#039;}, ContactData{firstName=&#039;Natalia&#039;, lastName=&#039;Maslova&#039;, address=&#039;null&#039;, mobilePhone=&#039;+380509997755&#039;, email=&#039;maslova.nd@gmail.com&#039;, dateBirth=&#039;null&#039;, monthBirth=&#039;null&#039;, yearBirth=&#039;null&#039;}, ContactData{firstName=&#039;Natalia&#039;, lastName=&#039;Maslova&#039;, address=&#039;null&#039;, mobilePhone=&#039;+380509997755&#039;, email=&#039;maslova.nd@gmail.com&#039;, dateBirth=&#039;null&#039;, monthBirth=&#039;null&#039;, yearBirth=&#039;null&#039;}, ContactData{firstName=&#039;Natalia&#039;, lastName=&#039;Maslova&#039;, address=&#039;null&#039;, mobilePhone=&#039;+380509997755&#039;, email=&#039;maslova.nd@gmail.com&#039;, dateBirth=&#039;null&#039;, monthBirth=&#039;null&#039;, yearBirth=&#039;null&#039;}, ContactData{firstName=&#039;Natalia&#039;, lastName=&#039;Maslova&#039;, address=&#039;null&#039;, mobilePhone=&#039;+380509997755&#039;, email=&#039;maslova.nd@gmail.com&#039;, dateBirth=&#039;null&#039;, monthBirth=&#039;null&#039;, yearBirth=&#039;null&#039;}, ContactData{firstName=&#039;Natalia&#039;, lastName=&#039;Maslova&#039;, address=&#039;null&#039;, mobilePhone=&#039;+380509997755&#039;, email=&#039;maslova.nd@gmail.com&#039;, dateBirth=&#039;null&#039;, monthBirth=&#039;null&#039;, yearBirth=&#039;null&#039;}, ContactData{firstName=&#039;Natalia&#039;, lastName=&#039;Maslova&#039;, address=&#039;null&#039;, mobilePhone=&#039;+380509997755&#039;, email=&#039;maslova.nd@gmail.com&#039;, dateBirth=&#039;null&#039;, monthBirth=&#039;null&#039;, yearBirth=&#039;null&#039;}, ContactData{firstName=&#039;Natalia&#039;, lastName=&#039;Maslova&#039;, address=&#039;null&#039;, mobilePhone=&#039;+380509997755&#039;, email=&#039;maslova.nd@gmail.com&#039;, dateBirth=&#039;null&#039;, monthBirth=&#039;null&#039;, yearBirth=&#039;null&#039;}, ContactData{firstName=&#039;Natalia&#039;, lastName=&#039;Maslova&#039;, address=&#039;null&#039;, mobilePhone=&#039;+380509997755&#039;, email=&#039;maslova.nd@gmail.com&#039;, dateBirth=&#039;null&#039;, monthBirth=&#039;null&#039;, yearBirth=&#039;null&#039;}, ContactData{firstName=&#039;Natalia&#039;, lastName=&#039;Maslova&#039;, address=&#039;null&#039;, mobilePhone=&#039;+380509997755&#039;, email=&#039;maslova.nd@gmail.com&#039;, dateBirth=&#039;null&#039;, monthBirth=&#039;null&#039;, yearBirth=&#039;null&#039;}, ContactData{firstName=&#039;Natalia&#039;, lastName=&#039;Maslova&#039;, address=&#039;null&#039;, mobilePhone=&#039;+380509997755&#039;, email=&#039;maslova.nd@gmail.com&#039;, dateBirth=&#039;null&#039;, monthBirth=&#039;null&#039;, yearBirth=&#039;null&#039;}, ContactData{firstName=&#039;test454059419&#039;, lastName=&#039;test-1096294426&#039;, address=&#039;null&#039;, mobilePhone=&#039;test1012281554&#039;, email=&#039;test-2062372343&#039;, dateBirth=&#039;null&#039;, monthBirth=&#039;null&#039;, yearBirth=&#039;null&#039;}, ContactData{firstName=&#039;test1708673099&#039;, lastName=&#039;test-1125328751&#039;, address=&#039;null&#039;, mobilePhone=&#039;test322438628&#039;, email=&#039;&#039;, dateBirth=&#039;null&#039;, monthBirth=&#039;null&#039;, yearBirth=&#039;null&#039;}, ContactData{firstName=&#039;test1179622481&#039;, lastName=&#039;test-1791016192&#039;, address=&#039;null&#039;, mobilePhone=&#039;test-1178083587&#039;, email=&#039;test114564469&#039;, dateBirth=&#039;null&#039;, monthBirth=&#039;null&#039;, yearBirth=&#039;null&#039;}, ContactData{firstName=&#039;&#039;, lastName=&#039;test-2075038837&#039;, address=&#039;null&#039;, mobilePhone=&#039;&#039;, email=&#039;test-1492728480&#039;, dateBirth=&#039;null&#039;, monthBirth=&#039;null&#039;, yearBirth=&#039;null&#039;}, ContactData{firstName=&#039;test370196590&#039;, lastName=&#039;test-2087171033&#039;, address=&#039;null&#039;, mobilePhone=&#039;test1497145511&#039;, email=&#039;test-101151807&#039;, dateBirth=&#039;null&#039;, monthBirth=&#039;null&#039;, yearBirth=&#039;null&#039;}, ContactData{firstName=&#039;test1362450907&#039;, lastName=&#039;test-389265887&#039;, address=&#039;null&#039;, mobilePhone=&#039;&#039;, email=&#039;&#039;, dateBirth=&#039;null&#039;, monthBirth=&#039;null&#039;, yearBirth=&#039;null&#039;}, ContactData{firstName=&#039;&#039;, lastName=&#039;test-432300383&#039;, address=&#039;null&#039;, mobilePhone=&#039;test1153516621&#039;, email=&#039;test-1584964484&#039;, dateBirth=&#039;null&#039;, monthBirth=&#039;null&#039;, yearBirth=&#039;null&#039;}, ContactData{firstName=&#039;test-949960147&#039;, lastName=&#039;test-85964818&#039;, address=&#039;null&#039;, mobilePhone=&#039;test5724974&#039;, email=&#039;test-1206387800&#039;, dateBirth=&#039;null&#039;, monthBirth=&#039;null&#039;, yearBirth=&#039;null&#039;}, ContactData{firstName=&#039;test-949960147&#039;, lastName=&#039;test-85964818&#039;, address=&#039;null&#039;, mobilePhone=&#039;test5724974&#039;, email=&#039;test-1206387800&#039;, dateBirth=&#039;null&#039;, monthBirth=&#039;null&#039;, yearBirth=&#039;null&#039;}, ContactData{firstName=&#039;test-949960147&#039;, lastName=&#039;test-85964818&#039;, address=&#039;null&#039;, mobilePhone=&#039;test5724974&#039;, email=&#039;test-1206387800&#039;, dateBirth=&#039;null&#039;, monthBirth=&#039;null&#039;, yearBirth=&#039;null&#039;}, ContactData{firstName=&#039;test-949960147&#039;, lastName=&#039;test-85964818&#039;, address=&#039;null&#039;, mobilePhone=&#039;test5724974&#039;, email=&#039;test-1206387800&#039;, dateBirth=&#039;null&#039;, monthBirth=&#039;null&#039;, yearBirth=&#039;null&#039;}, ContactData{firstName=&#039;test-949960147&#039;, lastName=&#039;test-85964818&#039;, address=&#039;null&#039;, mobilePhone=&#039;test5724974&#039;, email=&#039;test-1206387800&#039;, dateBirth=&#039;null&#039;, monthBirth=&#039;null&#039;, yearBirth=&#039;null&#039;}, ContactData{firstName=&#039;test-363104790&#039;, lastName=&#039;test1150687125&#039;, address=&#039;null&#039;, mobilePhone=&#039;test812527360&#039;, email=&#039;test-1993302949&#039;, dateBirth=&#039;null&#039;, monthBirth=&#039;null&#039;, yearBirth=&#039;null&#039;}, ContactData{firstName=&#039;test-363104790&#039;, lastName=&#039;test1150687125&#039;, address=&#039;null&#039;, mobilePhone=&#039;test812527360&#039;, email=&#039;test-1993302949&#039;, dateBirth=&#039;null&#039;, monthBirth=&#039;null&#039;, yearBirth=&#039;null&#039;}, ContactData{firstName=&#039;test-363104790&#039;, lastName=&#039;test1150687125&#039;, address=&#039;null&#039;, mobilePhone=&#039;test812527360&#039;, email=&#039;test-1993302949&#039;, dateBirth=&#039;null&#039;, monthBirth=&#039;null&#039;, yearBirth=&#039;null&#039;}, ContactData{firstName=&#039;test-363104790&#039;, lastName=&#039;test1150687125&#039;, address=&#039;null&#039;, mobilePhone=&#039;test812527360&#039;, email=&#039;test-1993302949&#039;, dateBirth=&#039;null&#039;, monthBirth=&#039;null&#039;, yearBirth=&#039;null&#039;}, ContactData{firstName=&#039;test-363104790&#039;, lastName=&#039;test1150687125&#039;, address=&#039;null&#039;, mobilePhone=&#039;test812527360&#039;, email=&#039;test-1993302949&#039;, dateBirth=&#039;null&#039;, monthBirth=&#039;null&#039;, yearBirth=&#039;null&#039;}, ContactData{firstName=&#039;test-363104790&#039;, lastName=&#039;test1150687125&#039;, address=&#039;null&#039;, mobilePhone=&#039;test812527360&#039;, email=&#039;test-1993302949&#039;, dateBirth=&#039;null&#039;, monthBirth=&#039;null&#039;, yearBirth=&#039;null&#039;}, ContactData{firstName=&#039;test-363104790&#039;, lastName=&#039;test1150687125&#039;, address=&#039;null&#039;, mobilePhone=&#039;test812527360&#039;, email=&#039;test-1993302949&#039;, dateBirth=&#039;null&#039;, monthBirth=&#039;null&#039;, yearBirth=&#039;null&#039;}, ContactData{firstName=&#039;test-363104790&#039;, lastName=&#039;test1150687125&#039;, address=&#039;null&#039;, mobilePhone=&#039;test812527360&#039;, email=&#039;test-1993302949&#039;, dateBirth=&#039;null&#039;, monthBirth=&#039;null&#039;, yearBirth=&#039;null&#039;}, ContactData{firstName=&#039;test-363104790&#039;, lastName=&#039;test1150687125&#039;, address=&#039;null&#039;, mobilePhone=&#039;test812527360&#039;, email=&#039;test-1993302949&#039;, dateBirth=&#039;null&#039;, monthBirth=&#039;null&#039;, yearBirth=&#039;null&#039;}, ContactData{firstName=&#039;&#039;, lastName=&#039;test124523223&#039;, address=&#039;null&#039;, mobilePhone=&#039;test818947573&#039;, email=&#039;test-1699396857&#039;, dateBirth=&#039;null&#039;, monthBirth=&#039;null&#039;, yearBirth=&#039;null&#039;}, ContactData{firstName=&#039;&#039;, lastName=&#039;test143757501&#039;, address=&#039;null&#039;, mobilePhone=&#039;test-159889063&#039;, email=&#039;&#039;, dateBirth=&#039;null&#039;, monthBirth=&#039;null&#039;, yearBirth=&#039;null&#039;}, ContactData{firstName=&#039;&#039;, lastName=&#039;test143757501&#039;, address=&#039;null&#039;, mobilePhone=&#039;test-159889063&#039;, email=&#039;&#039;, dateBirth=&#039;null&#039;, monthBirth=&#039;null&#039;, yearBirth=&#039;null&#039;}, ContactData{firstName=&#039;&#039;, lastName=&#039;test143757501&#039;, address=&#039;null&#039;, mobilePhone=&#039;test-159889063&#039;, email=&#039;&#039;, dateBirth=&#039;null&#039;, monthBirth=&#039;null&#039;, yearBirth=&#039;null&#039;}, ContactData{firstName=&#039;&#039;, lastName=&#039;test143757501&#039;, address=&#039;null&#039;, mobilePhone=&#039;test-159889063&#039;, email=&#039;&#039;, dateBirth=&#039;null&#039;, monthBirth=&#039;null&#039;, yearBirth=&#039;null&#039;}, ContactData{firstName=&#039;&#039;, lastName=&#039;test143757501&#039;, address=&#039;null&#039;, mobilePhone=&#039;test-159889063&#039;, email=&#039;&#039;, dateBirth=&#039;null&#039;, monthBirth=&#039;null&#039;, yearBirth=&#039;null&#039;}, ContactData{firstName=&#039;&#039;, lastName=&#039;test143757501&#039;, address=&#039;null&#039;, mobilePhone=&#039;test-159889063&#039;, email=&#039;&#039;, dateBirth=&#039;null&#039;, monthBirth=&#039;null&#039;, yearBirth=&#039;null&#039;}, ContactData{firstName=&#039;&#039;, lastName=&#039;test143757501&#039;, address=&#039;null&#039;, mobilePhone=&#039;test-159889063&#039;, email=&#039;&#039;, dateBirth=&#039;null&#039;, monthBirth=&#039;null&#039;, yearBirth=&#039;null&#039;}, ContactData{firstName=&#039;&#039;, lastName=&#039;test143757501&#039;, address=&#039;null&#039;, mobilePhone=&#039;test-159889063&#039;, email=&#039;&#039;, dateBirth=&#039;null&#039;, monthBirth=&#039;null&#039;, yearBirth=&#039;null&#039;}, ContactData{firstName=&#039;&#039;, lastName=&#039;test143757501&#039;, address=&#039;null&#039;, mobilePhone=&#039;test-159889063&#039;, email=&#039;&#039;, dateBirth=&#039;null&#039;, monthBirth=&#039;null&#039;, yearBirth=&#039;null&#039;}, ContactData{firstName=&#039;&#039;, lastName=&#039;test143757501&#039;, address=&#039;null&#039;, mobilePhone=&#039;test-159889063&#039;, email=&#039;&#039;, dateBirth=&#039;null&#039;, monthBirth=&#039;null&#039;, yearBirth=&#039;null&#039;}, ContactData{firstName=&#039;&#039;, lastName=&#039;test143757501&#039;, address=&#039;null&#039;, mobilePhone=&#039;test-159889063&#039;, email=&#039;&#039;, dateBirth=&#039;null&#039;, monthBirth=&#039;null&#039;, yearBirth=&#039;null&#039;}, ContactData{firstName=&#039;test-1698965700&#039;, lastName=&#039;test1813333897&#039;, address=&#039;null&#039;, mobilePhone=&#039;test-1718627751&#039;, email=&#039;&#039;, dateBirth=&#039;null&#039;, monthBirth=&#039;null&#039;, yearBirth=&#039;null&#039;}, ContactData{firstName=&#039;test-1698965700&#039;, lastName=&#039;test1813333897&#039;, address=&#039;null&#039;, mobilePhone=&#039;test-1718627751&#039;, email=&#039;&#039;, dateBirth=&#039;null&#039;, monthBirth=&#039;null&#039;, yearBirth=&#039;null&#039;}, ContactData{firstName=&#039;test-1698965700&#039;, lastName=&#039;test1813333897&#039;, address=&#039;null&#039;, mobilePhone=&#039;test-1718627751&#039;, email=&#039;&#039;, dateBirth=&#039;null&#039;, monthBirth=&#039;null&#039;, yearBirth=&#039;null&#039;}, ContactData{firstName=&#039;test-1698965700&#039;, lastName=&#039;test1813333897&#039;, address=&#039;null&#039;, mobilePhone=&#039;test-1718627751&#039;, email=&#039;&#039;, dateBirth=&#039;null&#039;, monthBirth=&#039;null&#039;, yearBirth=&#039;null&#039;}, ContactData{firstName=&#039;test-1698965700&#039;, lastName=&#039;test1813333897&#039;, address=&#039;null&#039;, mobilePhone=&#039;test-1718627751&#039;, email=&#039;&#039;, dateBirth=&#039;null&#039;, monthBirth=&#039;null&#039;, yearBirth=&#039;null&#039;}, ContactData{firstName=&#039;test-1421557881&#039;, lastName=&#039;test1912168969&#039;, address=&#039;null&#039;, mobilePhone=&#039;&#039;, email=&#039;test-553664109&#039;, dateBirth=&#039;null&#039;, monthBirth=&#039;null&#039;, yearBirth=&#039;null&#039;}, ContactData{firstName=&#039;test-2073125732&#039;, lastName=&#039;test198581471&#039;, address=&#039;null&#039;, mobilePhone=&#039;&#039;, email=&#039;&#039;, dateBirth=&#039;null&#039;, monthBirth=&#039;null&#039;, yearBirth=&#039;null&#039;}, ContactData{firstName=&#039;test-2073125732&#039;, lastName=&#039;test198581471&#039;, address=&#039;null&#039;, mobilePhone=&#039;&#039;, email=&#039;&#039;, dateBirth=&#039;null&#039;, monthBirth=&#039;null&#039;, yearBirth=&#039;null&#039;}, ContactData{firstName=&#039;test-2073125732&#039;, lastName=&#039;test198581471&#039;, address=&#039;null&#039;, mobilePhone=&#039;&#039;, email=&#039;&#039;, dateBirth=&#039;null&#039;, monthBirth=&#039;null&#039;, yearBirth=&#039;null&#039;}, ContactData{firstName=&#039;test-2073125732&#039;, lastName=&#039;test198581471&#039;, address=&#039;null&#039;, mobilePhone=&#039;&#039;, email=&#039;&#039;, dateBirth=&#039;null&#039;, monthBirth=&#039;null&#039;, yearBirth=&#039;null&#039;}, ContactData{firstName=&#039;test-2073125732&#039;, lastName=&#039;test198581471&#039;, address=&#039;null&#039;, mobilePhone=&#039;&#039;, email=&#039;&#039;, dateBirth=&#039;null&#039;, monthBirth=&#039;null&#039;, yearBirth=&#039;null&#039;}, ContactData{firstName=&#039;test-2073125732&#039;, lastName=&#039;test198581471&#039;, address=&#039;null&#039;, mobilePhone=&#039;&#039;, email=&#039;&#039;, dateBirth=&#039;null&#039;, monthBirth=&#039;null&#039;, yearBirth=&#039;null&#039;}, ContactData{firstName=&#039;test-1035740089&#039;, lastName=&#039;test2101242929&#039;, address=&#039;null&#039;, mobilePhone=&#039;test539178050&#039;, email=&#039;&#039;, dateBirth=&#039;null&#039;, monthBirth=&#039;null&#039;, yearBirth=&#039;null&#039;}, ContactData{firstName=&#039;test572033207&#039;, lastName=&#039;test369181521&#039;, address=&#039;null&#039;, mobilePhone=&#039;test-294194410&#039;, email=&#039;test-1956175168&#039;, dateBirth=&#039;null&#039;, monthBirth=&#039;null&#039;, yearBirth=&#039;null&#039;}, ContactData{firstName=&#039;&#039;, lastName=&#039;test440232425&#039;, address=&#039;null&#039;, mobilePhone=&#039;test7458516&#039;, email=&#039;test741651782&#039;, dateBirth=&#039;null&#039;, monthBirth=&#039;null&#039;, yearBirth=&#039;null&#039;}, ContactData{firstName=&#039;test-234922828&#039;, lastName=&#039;test595372570&#039;, address=&#039;null&#039;, mobilePhone=&#039;test2114689914&#039;, email=&#039;test1460496132&#039;, dateBirth=&#039;null&#039;, monthBirth=&#039;null&#039;, yearBirth=&#039;null&#039;}, ContactData{firstName=&#039;test1845226584&#039;, lastName=&#039;test663534883&#039;, address=&#039;null&#039;, mobilePhone=&#039;test-1922647136&#039;, email=&#039;test-1590810812&#039;, dateBirth=&#039;null&#039;, monthBirth=&#039;null&#039;, yearBirth=&#039;null&#039;}, ContactData{firstName=&#039;test1845226584&#039;, lastName=&#039;test663534883&#039;, address=&#039;null&#039;, mobilePhone=&#039;test-1922647136&#039;, email=&#039;test-1590810812&#039;, dateBirth=&#039;null&#039;, monthBirth=&#039;null&#039;, yearBirth=&#039;null&#039;}, ContactData{firstName=&#039;test1845226584&#039;, lastName=&#039;test663534883&#039;, address=&#039;null&#039;, mobilePhone=&#039;test-1922647136&#039;, email=&#039;test-1590810812&#039;, dateBirth=&#039;null&#039;, monthBirth=&#039;null&#039;, yearBirth=&#039;null&#039;}, ContactData{firstName=&#039;test1845226584&#039;, lastName=&#039;test663534883&#039;, address=&#039;null&#039;, mobilePhone=&#039;test-1922647136&#039;, email=&#039;test-1590810812&#039;, dateBirth=&#039;null&#039;, monthBirth=&#039;null&#039;, yearBirth=&#039;null&#039;}, ContactData{firstName=&#039;test1845226584&#039;, lastName=&#039;test663534883&#039;, address=&#039;null&#039;, mobilePhone=&#039;test-1922647136&#039;, email=&#039;test-1590810812&#039;, dateBirth=&#039;null&#039;, monthBirth=&#039;null&#039;, yearBirth=&#039;null&#039;}, ContactData{firstName=&#039;&#039;, lastName=&#039;test842922543&#039;, address=&#039;null&#039;, mobilePhone=&#039;&#039;, email=&#039;&#039;, dateBirth=&#039;null&#039;, monthBirth=&#039;null&#039;, yearBirth=&#039;null&#039;}, ContactData{firstName=&#039;&#039;, lastName=&#039;tortilla&#039;, address=&#039;null&#039;, mobilePhone=&#039;&#039;, email=&#039;&#039;, dateBirth=&#039;null&#039;, monthBirth=&#039;null&#039;, yearBirth=&#039;null&#039;}, ContactData{firstName=&#039;&#039;, lastName=&#039;еtеуeуыsыеtе143757501&#039;, address=&#039;null&#039;, mobilePhone=&#039;еtеуeуыsыеtе-159889063&#039;, email=&#039;&#039;, dateBirth=&#039;null&#039;, monthBirth=&#039;null&#039;, yearBirth=&#039;null&#039;}]&gt;">
      <![CDATA[java.lang.AssertionError: 
Expected: <[ContactData{firstName='', lastName='', address='null', mobilePhone='test-836734843', email='test-585035083', dateBirth='null', monthBirth='null', yearBirth='null'}, ContactData{firstName='', lastName='', address='null', mobilePhone='test1045042430', email='', dateBirth='null', monthBirth='null', yearBirth='null'}, ContactData{firstName='', lastName='', address='null', mobilePhone='', email='test549481470', dateBirth='null', monthBirth='null', yearBirth='null'}, ContactData{firstName='', lastName='', address='null', mobilePhone='', email='test549481470', dateBirth='null', monthBirth='null', yearBirth='null'}, ContactData{firstName='', lastName='', address='null', mobilePhone='', email='test549481470', dateBirth='null', monthBirth='null', yearBirth='null'}, ContactData{firstName='', lastName='', address='null', mobilePhone='', email='test549481470', dateBirth='null', monthBirth='null', yearBirth='null'}, ContactData{firstName='', lastName='', address='null', mobilePhone='', email='test549481470', dateBirth='null', monthBirth='null', yearBirth='null'}, ContactData{firstName='', lastName='', address='null', mobilePhone='', email='test549481470', dateBirth='null', monthBirth='null', yearBirth='null'}, ContactData{firstName='test-1386885785', lastName='', address='null', mobilePhone='test1643335752', email='', dateBirth='null', monthBirth='null', yearBirth='null'}, ContactData{firstName='test-1386885785', lastName='', address='null', mobilePhone='test1643335752', email='', dateBirth='null', monthBirth='null', yearBirth='null'}, ContactData{firstName='test-1386885785', lastName='', address='null', mobilePhone='test1643335752', email='', dateBirth='null', monthBirth='null', yearBirth='null'}, ContactData{firstName='test-1386885785', lastName='', address='null', mobilePhone='test1643335752', email='', dateBirth='null', monthBirth='null', yearBirth='null'}, ContactData{firstName='test-1386885785', lastName='', address='null', mobilePhone='test1643335752', email='', dateBirth='null', monthBirth='null', yearBirth='null'}, ContactData{firstName='test-1551204706', lastName='', address='null', mobilePhone='test1073971578', email='', dateBirth='null', monthBirth='null', yearBirth='null'}, ContactData{firstName='test-1767641318', lastName='', address='null', mobilePhone='test935255826', email='', dateBirth='null', monthBirth='null', yearBirth='null'}, ContactData{firstName='test-1767641318', lastName='', address='null', mobilePhone='test935255826', email='', dateBirth='null', monthBirth='null', yearBirth='null'}, ContactData{firstName='test-1767641318', lastName='', address='null', mobilePhone='test935255826', email='', dateBirth='null', monthBirth='null', yearBirth='null'}, ContactData{firstName='test-1767641318', lastName='', address='null', mobilePhone='test935255826', email='', dateBirth='null', monthBirth='null', yearBirth='null'}, ContactData{firstName='test-1767641318', lastName='', address='null', mobilePhone='test935255826', email='', dateBirth='null', monthBirth='null', yearBirth='null'}, ContactData{firstName='test-1767641318', lastName='', address='null', mobilePhone='test935255826', email='', dateBirth='null', monthBirth='null', yearBirth='null'}, ContactData{firstName='test-2028308566', lastName='', address='null', mobilePhone='', email='test-447692937', dateBirth='null', monthBirth='null', yearBirth='null'}, ContactData{firstName='test1071625', lastName='', address='null', mobilePhone='test350565088', email='test-799210202', dateBirth='null', monthBirth='null', yearBirth='null'}, ContactData{firstName='test1848553755', lastName='', address='null', mobilePhone='', email='test-603747668', dateBirth='null', monthBirth='null', yearBirth='null'}, ContactData{firstName='test1848553755', lastName='', address='null', mobilePhone='', email='test-603747668', dateBirth='null', monthBirth='null', yearBirth='null'}, ContactData{firstName='test1848553755', lastName='', address='null', mobilePhone='', email='test-603747668', dateBirth='null', monthBirth='null', yearBirth='null'}, ContactData{firstName='test1848553755', lastName='', address='null', mobilePhone='', email='test-603747668', dateBirth='null', monthBirth='null', yearBirth='null'}, ContactData{firstName='test1848553755', lastName='', address='null', mobilePhone='', email='test-603747668', dateBirth='null', monthBirth='null', yearBirth='null'}, ContactData{firstName='Natalia', lastName='Maslova', address='null', mobilePhone='+380509997755', email='maslova.nd@gmail.com', dateBirth='null', monthBirth='null', yearBirth='null'}, ContactData{firstName='Natalia', lastName='Maslova', address='null', mobilePhone='+380509997755', email='maslova.nd@gmail.com', dateBirth='null', monthBirth='null', yearBirth='null'}, ContactData{firstName='Natalia', lastName='Maslova', address='null', mobilePhone='+380509997755', email='maslova.nd@gmail.com', dateBirth='null', monthBirth='null', yearBirth='null'}, ContactData{firstName='Natalia', lastName='Maslova', address='null', mobilePhone='+380509997755', email='maslova.nd@gmail.com', dateBirth='null', monthBirth='null', yearBirth='null'}, ContactData{firstName='Natalia', lastName='Maslova', address='null', mobilePhone='+380509997755', email='maslova.nd@gmail.com', dateBirth='null', monthBirth='null', yearBirth='null'}, ContactData{firstName='Natalia', lastName='Maslova', address='null', mobilePhone='+380509997755', email='maslova.nd@gmail.com', dateBirth='null', monthBirth='null', yearBirth='null'}, ContactData{firstName='Natalia', lastName='Maslova', address='null', mobilePhone='+380509997755', email='maslova.nd@gmail.com', dateBirth='null', monthBirth='null', yearBirth='null'}, ContactData{firstName='Natalia', lastName='Maslova', address='null', mobilePhone='+380509997755', email='maslova.nd@gmail.com', dateBirth='null', monthBirth='null', yearBirth='null'}, ContactData{firstName='Natalia', lastName='Maslova', address='null', mobilePhone='+380509997755', email='maslova.nd@gmail.com', dateBirth='null', monthBirth='null', yearBirth='null'}, ContactData{firstName='Natalia', lastName='Maslova', address='null', mobilePhone='+380509997755', email='maslova.nd@gmail.com', dateBirth='null', monthBirth='null', yearBirth='null'}, ContactData{firstName='Natalia', lastName='Maslova', address='null', mobilePhone='+380509997755', email='maslova.nd@gmail.com', dateBirth='null', monthBirth='null', yearBirth='null'}, ContactData{firstName='test454059419', lastName='test-1096294426', address='null', mobilePhone='test1012281554', email='test-2062372343', dateBirth='null', monthBirth='null', yearBirth='null'}, ContactData{firstName='test1708673099', lastName='test-1125328751', address='null', mobilePhone='test322438628', email='', dateBirth='null', monthBirth='null', yearBirth='null'}, ContactData{firstName='test1179622481', lastName='test-1791016192', address='null', mobilePhone='test-1178083587', email='test114564469', dateBirth='null', monthBirth='null', yearBirth='null'}, ContactData{firstName='', lastName='test-2075038837', address='null', mobilePhone='', email='test-1492728480', dateBirth='null', monthBirth='null', yearBirth='null'}, ContactData{firstName='test370196590', lastName='test-2087171033', address='null', mobilePhone='test1497145511', email='test-101151807', dateBirth='null', monthBirth='null', yearBirth='null'}, ContactData{firstName='test1362450907', lastName='test-389265887', address='null', mobilePhone='', email='', dateBirth='null', monthBirth='null', yearBirth='null'}, ContactData{firstName='', lastName='test-432300383', address='null', mobilePhone='test1153516621', email='test-1584964484', dateBirth='null', monthBirth='null', yearBirth='null'}, ContactData{firstName='test-949960147', lastName='test-85964818', address='null', mobilePhone='test5724974', email='test-1206387800', dateBirth='null', monthBirth='null', yearBirth='null'}, ContactData{firstName='test-949960147', lastName='test-85964818', address='null', mobilePhone='test5724974', email='test-1206387800', dateBirth='null', monthBirth='null', yearBirth='null'}, ContactData{firstName='test-949960147', lastName='test-85964818', address='null', mobilePhone='test5724974', email='test-1206387800', dateBirth='null', monthBirth='null', yearBirth='null'}, ContactData{firstName='test-949960147', lastName='test-85964818', address='null', mobilePhone='test5724974', email='test-1206387800', dateBirth='null', monthBirth='null', yearBirth='null'}, ContactData{firstName='test-949960147', lastName='test-85964818', address='null', mobilePhone='test5724974', email='test-1206387800', dateBirth='null', monthBirth='null', yearBirth='null'}, ContactData{firstName='test-363104790', lastName='test1150687125', address='null', mobilePhone='test812527360', email='test-1993302949', dateBirth='null', monthBirth='null', yearBirth='null'}, ContactData{firstName='test-363104790', lastName='test1150687125', address='null', mobilePhone='test812527360', email='test-1993302949', dateBirth='null', monthBirth='null', yearBirth='null'}, ContactData{firstName='test-363104790', lastName='test1150687125', address='null', mobilePhone='test812527360', email='test-1993302949', dateBirth='null', monthBirth='null', yearBirth='null'}, ContactData{firstName='test-363104790', lastName='test1150687125', address='null', mobilePhone='test812527360', email='test-1993302949', dateBirth='null', monthBirth='null', yearBirth='null'}, ContactData{firstName='test-363104790', lastName='test1150687125', address='null', mobilePhone='test812527360', email='test-1993302949', dateBirth='null', monthBirth='null', yearBirth='null'}, ContactData{firstName='test-363104790', lastName='test1150687125', address='null', mobilePhone='test812527360', email='test-1993302949', dateBirth='null', monthBirth='null', yearBirth='null'}, ContactData{firstName='test-363104790', lastName='test1150687125', address='null', mobilePhone='test812527360', email='test-1993302949', dateBirth='null', monthBirth='null', yearBirth='null'}, ContactData{firstName='test-363104790', lastName='test1150687125', address='null', mobilePhone='test812527360', email='test-1993302949', dateBirth='null', monthBirth='null', yearBirth='null'}, ContactData{firstName='test-363104790', lastName='test1150687125', address='null', mobilePhone='test812527360', email='test-1993302949', dateBirth='null', monthBirth='null', yearBirth='null'}, ContactData{firstName='', lastName='test124523223', address='null', mobilePhone='test818947573', email='test-1699396857', dateBirth='null', monthBirth='null', yearBirth='null'}, ContactData{firstName='', lastName='test143757501', address='null', mobilePhone='test-159889063', email='', dateBirth='null', monthBirth='null', yearBirth='null'}, ContactData{firstName='', lastName='test143757501', address='null', mobilePhone='test-159889063', email='', dateBirth='null', monthBirth='null', yearBirth='null'}, ContactData{firstName='', lastName='test143757501', address='null', mobilePhone='test-159889063', email='', dateBirth='null', monthBirth='null', yearBirth='null'}, ContactData{firstName='', lastName='test143757501', address='null', mobilePhone='test-159889063', email='', dateBirth='null', monthBirth='null', yearBirth='null'}, ContactData{firstName='', lastName='test143757501', address='null', mobilePhone='test-159889063', email='', dateBirth='null', monthBirth='null', yearBirth='null'}, ContactData{firstName='', lastName='test143757501', address='null', mobilePhone='test-159889063', email='', dateBirth='null', monthBirth='null', yearBirth='null'}, ContactData{firstName='', lastName='test143757501', address='null', mobilePhone='test-159889063', email='', dateBirth='null', monthBirth='null', yearBirth='null'}, ContactData{firstName='', lastName='test143757501', address='null', mobilePhone='test-159889063', email='', dateBirth='null', monthBirth='null', yearBirth='null'}, ContactData{firstName='', lastName='test143757501', address='null', mobilePhone='test-159889063', email='', dateBirth='null', monthBirth='null', yearBirth='null'}, ContactData{firstName='', lastName='test143757501', address='null', mobilePhone='test-159889063', email='', dateBirth='null', monthBirth='null', yearBirth='null'}, ContactData{firstName='', lastName='test143757501', address='null', mobilePhone='test-159889063', email='', dateBirth='null', monthBirth='null', yearBirth='null'}, ContactData{firstName='', lastName='test143757501', address='test2107331409', mobilePhone='test-159889063', email='', dateBirth='2', monthBirth='April', yearBirth='1453'}, ContactData{firstName='test-1698965700', lastName='test1813333897', address='null', mobilePhone='test-1718627751', email='', dateBirth='null', monthBirth='null', yearBirth='null'}, ContactData{firstName='test-1698965700', lastName='test1813333897', address='null', mobilePhone='test-1718627751', email='', dateBirth='null', monthBirth='null', yearBirth='null'}, ContactData{firstName='test-1698965700', lastName='test1813333897', address='null', mobilePhone='test-1718627751', email='', dateBirth='null', monthBirth='null', yearBirth='null'}, ContactData{firstName='test-1698965700', lastName='test1813333897', address='null', mobilePhone='test-1718627751', email='', dateBirth='null', monthBirth='null', yearBirth='null'}, ContactData{firstName='test-1698965700', lastName='test1813333897', address='null', mobilePhone='test-1718627751', email='', dateBirth='null', monthBirth='null', yearBirth='null'}, ContactData{firstName='test-1421557881', lastName='test1912168969', address='null', mobilePhone='', email='test-553664109', dateBirth='null', monthBirth='null', yearBirth='null'}, ContactData{firstName='test-2073125732', lastName='test198581471', address='null', mobilePhone='', email='', dateBirth='null', monthBirth='null', yearBirth='null'}, ContactData{firstName='test-2073125732', lastName='test198581471', address='null', mobilePhone='', email='', dateBirth='null', monthBirth='null', yearBirth='null'}, ContactData{firstName='test-2073125732', lastName='test198581471', address='null', mobilePhone='', email='', dateBirth='null', monthBirth='null', yearBirth='null'}, ContactData{firstName='test-2073125732', lastName='test198581471', address='null', mobilePhone='', email='', dateBirth='null', monthBirth='null', yearBirth='null'}, ContactData{firstName='test-2073125732', lastName='test198581471', address='null', mobilePhone='', email='', dateBirth='null', monthBirth='null', yearBirth='null'}, ContactData{firstName='test-2073125732', lastName='test198581471', address='null', mobilePhone='', email='', dateBirth='null', monthBirth='null', yearBirth='null'}, ContactData{firstName='test-1035740089', lastName='test2101242929', address='null', mobilePhone='test539178050', email='', dateBirth='null', monthBirth='null', yearBirth='null'}, ContactData{firstName='test572033207', lastName='test369181521', address='null', mobilePhone='test-294194410', email='test-1956175168', dateBirth='null', monthBirth='null', yearBirth='null'}, ContactData{firstName='', lastName='test440232425', address='null', mobilePhone='test7458516', email='test741651782', dateBirth='null', monthBirth='null', yearBirth='null'}, ContactData{firstName='test-234922828', lastName='test595372570', address='null', mobilePhone='test2114689914', email='test1460496132', dateBirth='null', monthBirth='null', yearBirth='null'}, ContactData{firstName='test1845226584', lastName='test663534883', address='null', mobilePhone='test-1922647136', email='test-1590810812', dateBirth='null', monthBirth='null', yearBirth='null'}, ContactData{firstName='test1845226584', lastName='test663534883', address='null', mobilePhone='test-1922647136', email='test-1590810812', dateBirth='null', monthBirth='null', yearBirth='null'}, ContactData{firstName='test1845226584', lastName='test663534883', address='null', mobilePhone='test-1922647136', email='test-1590810812', dateBirth='null', monthBirth='null', yearBirth='null'}, ContactData{firstName='test1845226584', lastName='test663534883', address='null', mobilePhone='test-1922647136', email='test-1590810812', dateBirth='null', monthBirth='null', yearBirth='null'}, ContactData{firstName='test1845226584', lastName='test663534883', address='null', mobilePhone='test-1922647136', email='test-1590810812', dateBirth='null', monthBirth='null', yearBirth='null'}, ContactData{firstName='', lastName='test842922543', address='null', mobilePhone='', email='', dateBirth='null', monthBirth='null', yearBirth='null'}, ContactData{firstName='', lastName='tortilla', address='null', mobilePhone='', email='', dateBirth='null', monthBirth='null', yearBirth='null'}]>
     but: was <[ContactData{firstName='', lastName='', address='null', mobilePhone='test-836734843', email='test-585035083', dateBirth='null', monthBirth='null', yearBirth='null'}, ContactData{firstName='', lastName='', address='null', mobilePhone='test1045042430', email='', dateBirth='null', monthBirth='null', yearBirth='null'}, ContactData{firstName='', lastName='', address='null', mobilePhone='', email='test549481470', dateBirth='null', monthBirth='null', yearBirth='null'}, ContactData{firstName='', lastName='', address='null', mobilePhone='', email='test549481470', dateBirth='null', monthBirth='null', yearBirth='null'}, ContactData{firstName='', lastName='', address='null', mobilePhone='', email='test549481470', dateBirth='null', monthBirth='null', yearBirth='null'}, ContactData{firstName='', lastName='', address='null', mobilePhone='', email='test549481470', dateBirth='null', monthBirth='null', yearBirth='null'}, ContactData{firstName='', lastName='', address='null', mobilePhone='', email='test549481470', dateBirth='null', monthBirth='null', yearBirth='null'}, ContactData{firstName='', lastName='', address='null', mobilePhone='', email='test549481470', dateBirth='null', monthBirth='null', yearBirth='null'}, ContactData{firstName='test-1386885785', lastName='', address='null', mobilePhone='test1643335752', email='', dateBirth='null', monthBirth='null', yearBirth='null'}, ContactData{firstName='test-1386885785', lastName='', address='null', mobilePhone='test1643335752', email='', dateBirth='null', monthBirth='null', yearBirth='null'}, ContactData{firstName='test-1386885785', lastName='', address='null', mobilePhone='test1643335752', email='', dateBirth='null', monthBirth='null', yearBirth='null'}, ContactData{firstName='test-1386885785', lastName='', address='null', mobilePhone='test1643335752', email='', dateBirth='null', monthBirth='null', yearBirth='null'}, ContactData{firstName='test-1386885785', lastName='', address='null', mobilePhone='test1643335752', email='', dateBirth='null', monthBirth='null', yearBirth='null'}, ContactData{firstName='test-1551204706', lastName='', address='null', mobilePhone='test1073971578', email='', dateBirth='null', monthBirth='null', yearBirth='null'}, ContactData{firstName='test-1767641318', lastName='', address='null', mobilePhone='test935255826', email='', dateBirth='null', monthBirth='null', yearBirth='null'}, ContactData{firstName='test-1767641318', lastName='', address='null', mobilePhone='test935255826', email='', dateBirth='null', monthBirth='null', yearBirth='null'}, ContactData{firstName='test-1767641318', lastName='', address='null', mobilePhone='test935255826', email='', dateBirth='null', monthBirth='null', yearBirth='null'}, ContactData{firstName='test-1767641318', lastName='', address='null', mobilePhone='test935255826', email='', dateBirth='null', monthBirth='null', yearBirth='null'}, ContactData{firstName='test-1767641318', lastName='', address='null', mobilePhone='test935255826', email='', dateBirth='null', monthBirth='null', yearBirth='null'}, ContactData{firstName='test-1767641318', lastName='', address='null', mobilePhone='test935255826', email='', dateBirth='null', monthBirth='null', yearBirth='null'}, ContactData{firstName='test-2028308566', lastName='', address='null', mobilePhone='', email='test-447692937', dateBirth='null', monthBirth='null', yearBirth='null'}, ContactData{firstName='test1071625', lastName='', address='null', mobilePhone='test350565088', email='test-799210202', dateBirth='null', monthBirth='null', yearBirth='null'}, ContactData{firstName='test1848553755', lastName='', address='null', mobilePhone='', email='test-603747668', dateBirth='null', monthBirth='null', yearBirth='null'}, ContactData{firstName='test1848553755', lastName='', address='null', mobilePhone='', email='test-603747668', dateBirth='null', monthBirth='null', yearBirth='null'}, ContactData{firstName='test1848553755', lastName='', address='null', mobilePhone='', email='test-603747668', dateBirth='null', monthBirth='null', yearBirth='null'}, ContactData{firstName='test1848553755', lastName='', address='null', mobilePhone='', email='test-603747668', dateBirth='null', monthBirth='null', yearBirth='null'}, ContactData{firstName='test1848553755', lastName='', address='null', mobilePhone='', email='test-603747668', dateBirth='null', monthBirth='null', yearBirth='null'}, ContactData{firstName='Natalia', lastName='Maslova', address='null', mobilePhone='+380509997755', email='maslova.nd@gmail.com', dateBirth='null', monthBirth='null', yearBirth='null'}, ContactData{firstName='Natalia', lastName='Maslova', address='null', mobilePhone='+380509997755', email='maslova.nd@gmail.com', dateBirth='null', monthBirth='null', yearBirth='null'}, ContactData{firstName='Natalia', lastName='Maslova', address='null', mobilePhone='+380509997755', email='maslova.nd@gmail.com', dateBirth='null', monthBirth='null', yearBirth='null'}, ContactData{firstName='Natalia', lastName='Maslova', address='null', mobilePhone='+380509997755', email='maslova.nd@gmail.com', dateBirth='null', monthBirth='null', yearBirth='null'}, ContactData{firstName='Natalia', lastName='Maslova', address='null', mobilePhone='+380509997755', email='maslova.nd@gmail.com', dateBirth='null', monthBirth='null', yearBirth='null'}, ContactData{firstName='Natalia', lastName='Maslova', address='null', mobilePhone='+380509997755', email='maslova.nd@gmail.com', dateBirth='null', monthBirth='null', yearBirth='null'}, ContactData{firstName='Natalia', lastName='Maslova', address='null', mobilePhone='+380509997755', email='maslova.nd@gmail.com', dateBirth='null', monthBirth='null', yearBirth='null'}, ContactData{firstName='Natalia', lastName='Maslova', address='null', mobilePhone='+380509997755', email='maslova.nd@gmail.com', dateBirth='null', monthBirth='null', yearBirth='null'}, ContactData{firstName='Natalia', lastName='Maslova', address='null', mobilePhone='+380509997755', email='maslova.nd@gmail.com', dateBirth='null', monthBirth='null', yearBirth='null'}, ContactData{firstName='Natalia', lastName='Maslova', address='null', mobilePhone='+380509997755', email='maslova.nd@gmail.com', dateBirth='null', monthBirth='null', yearBirth='null'}, ContactData{firstName='Natalia', lastName='Maslova', address='null', mobilePhone='+380509997755', email='maslova.nd@gmail.com', dateBirth='null', monthBirth='null', yearBirth='null'}, ContactData{firstName='test454059419', lastName='test-1096294426', address='null', mobilePhone='test1012281554', email='test-2062372343', dateBirth='null', monthBirth='null', yearBirth='null'}, ContactData{firstName='test1708673099', lastName='test-1125328751', address='null', mobilePhone='test322438628', email='', dateBirth='null', monthBirth='null', yearBirth='null'}, ContactData{firstName='test1179622481', lastName='test-1791016192', address='null', mobilePhone='test-1178083587', email='test114564469', dateBirth='null', monthBirth='null', yearBirth='null'}, ContactData{firstName='', lastName='test-2075038837', address='null', mobilePhone='', email='test-1492728480', dateBirth='null', monthBirth='null', yearBirth='null'}, ContactData{firstName='test370196590', lastName='test-2087171033', address='null', mobilePhone='test1497145511', email='test-101151807', dateBirth='null', monthBirth='null', yearBirth='null'}, ContactData{firstName='test1362450907', lastName='test-389265887', address='null', mobilePhone='', email='', dateBirth='null', monthBirth='null', yearBirth='null'}, ContactData{firstName='', lastName='test-432300383', address='null', mobilePhone='test1153516621', email='test-1584964484', dateBirth='null', monthBirth='null', yearBirth='null'}, ContactData{firstName='test-949960147', lastName='test-85964818', address='null', mobilePhone='test5724974', email='test-1206387800', dateBirth='null', monthBirth='null', yearBirth='null'}, ContactData{firstName='test-949960147', lastName='test-85964818', address='null', mobilePhone='test5724974', email='test-1206387800', dateBirth='null', monthBirth='null', yearBirth='null'}, ContactData{firstName='test-949960147', lastName='test-85964818', address='null', mobilePhone='test5724974', email='test-1206387800', dateBirth='null', monthBirth='null', yearBirth='null'}, ContactData{firstName='test-949960147', lastName='test-85964818', address='null', mobilePhone='test5724974', email='test-1206387800', dateBirth='null', monthBirth='null', yearBirth='null'}, ContactData{firstName='test-949960147', lastName='test-85964818', address='null', mobilePhone='test5724974', email='test-1206387800', dateBirth='null', monthBirth='null', yearBirth='null'}, ContactData{firstName='test-363104790', lastName='test1150687125', address='null', mobilePhone='test812527360', email='test-1993302949', dateBirth='null', monthBirth='null', yearBirth='null'}, ContactData{firstName='test-363104790', lastName='test1150687125', address='null', mobilePhone='test812527360', email='test-1993302949', dateBirth='null', monthBirth='null', yearBirth='null'}, ContactData{firstName='test-363104790', lastName='test1150687125', address='null', mobilePhone='test812527360', email='test-1993302949', dateBirth='null', monthBirth='null', yearBirth='null'}, ContactData{firstName='test-363104790', lastName='test1150687125', address='null', mobilePhone='test812527360', email='test-1993302949', dateBirth='null', monthBirth='null', yearBirth='null'}, ContactData{firstName='test-363104790', lastName='test1150687125', address='null', mobilePhone='test812527360', email='test-1993302949', dateBirth='null', monthBirth='null', yearBirth='null'}, ContactData{firstName='test-363104790', lastName='test1150687125', address='null', mobilePhone='test812527360', email='test-1993302949', dateBirth='null', monthBirth='null', yearBirth='null'}, ContactData{firstName='test-363104790', lastName='test1150687125', address='null', mobilePhone='test812527360', email='test-1993302949', dateBirth='null', monthBirth='null', yearBirth='null'}, ContactData{firstName='test-363104790', lastName='test1150687125', address='null', mobilePhone='test812527360', email='test-1993302949', dateBirth='null', monthBirth='null', yearBirth='null'}, ContactData{firstName='test-363104790', lastName='test1150687125', address='null', mobilePhone='test812527360', email='test-1993302949', dateBirth='null', monthBirth='null', yearBirth='null'}, ContactData{firstName='', lastName='test124523223', address='null', mobilePhone='test818947573', email='test-1699396857', dateBirth='null', monthBirth='null', yearBirth='null'}, ContactData{firstName='', lastName='test143757501', address='null', mobilePhone='test-159889063', email='', dateBirth='null', monthBirth='null', yearBirth='null'}, ContactData{firstName='', lastName='test143757501', address='null', mobilePhone='test-159889063', email='', dateBirth='null', monthBirth='null', yearBirth='null'}, ContactData{firstName='', lastName='test143757501', address='null', mobilePhone='test-159889063', email='', dateBirth='null', monthBirth='null', yearBirth='null'}, ContactData{firstName='', lastName='test143757501', address='null', mobilePhone='test-159889063', email='', dateBirth='null', monthBirth='null', yearBirth='null'}, ContactData{firstName='', lastName='test143757501', address='null', mobilePhone='test-159889063', email='', dateBirth='null', monthBirth='null', yearBirth='null'}, ContactData{firstName='', lastName='test143757501', address='null', mobilePhone='test-159889063', email='', dateBirth='null', monthBirth='null', yearBirth='null'}, ContactData{firstName='', lastName='test143757501', address='null', mobilePhone='test-159889063', email='', dateBirth='null', monthBirth='null', yearBirth='null'}, ContactData{firstName='', lastName='test143757501', address='null', mobilePhone='test-159889063', email='', dateBirth='null', monthBirth='null', yearBirth='null'}, ContactData{firstName='', lastName='test143757501', address='null', mobilePhone='test-159889063', email='', dateBirth='null', monthBirth='null', yearBirth='null'}, ContactData{firstName='', lastName='test143757501', address='null', mobilePhone='test-159889063', email='', dateBirth='null', monthBirth='null', yearBirth='null'}, ContactData{firstName='', lastName='test143757501', address='null', mobilePhone='test-159889063', email='', dateBirth='null', monthBirth='null', yearBirth='null'}, ContactData{firstName='test-1698965700', lastName='test1813333897', address='null', mobilePhone='test-1718627751', email='', dateBirth='null', monthBirth='null', yearBirth='null'}, ContactData{firstName='test-1698965700', lastName='test1813333897', address='null', mobilePhone='test-1718627751', email='', dateBirth='null', monthBirth='null', yearBirth='null'}, ContactData{firstName='test-1698965700', lastName='test1813333897', address='null', mobilePhone='test-1718627751', email='', dateBirth='null', monthBirth='null', yearBirth='null'}, ContactData{firstName='test-1698965700', lastName='test1813333897', address='null', mobilePhone='test-1718627751', email='', dateBirth='null', monthBirth='null', yearBirth='null'}, ContactData{firstName='test-1698965700', lastName='test1813333897', address='null', mobilePhone='test-1718627751', email='', dateBirth='null', monthBirth='null', yearBirth='null'}, ContactData{firstName='test-1421557881', lastName='test1912168969', address='null', mobilePhone='', email='test-553664109', dateBirth='null', monthBirth='null', yearBirth='null'}, ContactData{firstName='test-2073125732', lastName='test198581471', address='null', mobilePhone='', email='', dateBirth='null', monthBirth='null', yearBirth='null'}, ContactData{firstName='test-2073125732', lastName='test198581471', address='null', mobilePhone='', email='', dateBirth='null', monthBirth='null', yearBirth='null'}, ContactData{firstName='test-2073125732', lastName='test198581471', address='null', mobilePhone='', email='', dateBirth='null', monthBirth='null', yearBirth='null'}, ContactData{firstName='test-2073125732', lastName='test198581471', address='null', mobilePhone='', email='', dateBirth='null', monthBirth='null', yearBirth='null'}, ContactData{firstName='test-2073125732', lastName='test198581471', address='null', mobilePhone='', email='', dateBirth='null', monthBirth='null', yearBirth='null'}, ContactData{firstName='test-2073125732', lastName='test198581471', address='null', mobilePhone='', email='', dateBirth='null', monthBirth='null', yearBirth='null'}, ContactData{firstName='test-1035740089', lastName='test2101242929', address='null', mobilePhone='test539178050', email='', dateBirth='null', monthBirth='null', yearBirth='null'}, ContactData{firstName='test572033207', lastName='test369181521', address='null', mobilePhone='test-294194410', email='test-1956175168', dateBirth='null', monthBirth='null', yearBirth='null'}, ContactData{firstName='', lastName='test440232425', address='null', mobilePhone='test7458516', email='test741651782', dateBirth='null', monthBirth='null', yearBirth='null'}, ContactData{firstName='test-234922828', lastName='test595372570', address='null', mobilePhone='test2114689914', email='test1460496132', dateBirth='null', monthBirth='null', yearBirth='null'}, ContactData{firstName='test1845226584', lastName='test663534883', address='null', mobilePhone='test-1922647136', email='test-1590810812', dateBirth='null', monthBirth='null', yearBirth='null'}, ContactData{firstName='test1845226584', lastName='test663534883', address='null', mobilePhone='test-1922647136', email='test-1590810812', dateBirth='null', monthBirth='null', yearBirth='null'}, ContactData{firstName='test1845226584', lastName='test663534883', address='null', mobilePhone='test-1922647136', email='test-1590810812', dateBirth='null', monthBirth='null', yearBirth='null'}, ContactData{firstName='test1845226584', lastName='test663534883', address='null', mobilePhone='test-1922647136', email='test-1590810812', dateBirth='null', monthBirth='null', yearBirth='null'}, ContactData{firstName='test1845226584', lastName='test663534883', address='null', mobilePhone='test-1922647136', email='test-1590810812', dateBirth='null', monthBirth='null', yearBirth='null'}, ContactData{firstName='', lastName='test842922543', address='null', mobilePhone='', email='', dateBirth='null', monthBirth='null', yearBirth='null'}, ContactData{firstName='', lastName='tortilla', address='null', mobilePhone='', email='', dateBirth='null', monthBirth='null', yearBirth='null'}, ContactData{firstName='', lastName='еtеуeуыsыеtе143757501', address='null', mobilePhone='еtеуeуыsыеtе-159889063', email='', dateBirth='null', monthBirth='null', yearBirth='null'}]>
	at org.hamcrest.MatcherAssert.assertThat(MatcherAssert.java:20)
	at org.junit.Assert.assertThat(Assert.java:865)
	at org.junit.Assert.assertThat(Assert.java:832)
	at com.example.tests.ContactCreationTests.testContactCreationWithValidData(ContactCreationTests.java:39)
	at sun.reflect.NativeMethodAccessorImpl.invoke0(Native Method)
	at sun.reflect.NativeMethodAccessorImpl.invoke(Unknown Source)
	at sun.reflect.DelegatingMethodAccessorImpl.invoke(Unknown Source)
	at java.lang.reflect.Method.invoke(Unknown Source)
	at org.testng.internal.MethodInvocationHelper.invokeMethod(MethodInvocationHelper.java:84)
	at org.testng.internal.Invoker.invokeMethod(Invoker.java:714)
	at org.testng.internal.Invoker.invokeTestMethod(Invoker.java:901)
	at org.testng.internal.Invoker.invokeTestMethods(Invoker.java:1231)
	at org.testng.internal.TestMethodWorker.invokeTestMethods(TestMethodWorker.java:127)
	at org.testng.internal.TestMethodWorker.run(TestMethodWorker.java:111)
	at org.testng.TestRunner.privateRun(TestRunner.java:767)
	at org.testng.TestRunner.run(TestRunner.java:617)
	at org.testng.SuiteRunner.runTest(SuiteRunner.java:334)
	at org.testng.SuiteRunner.runSequentially(SuiteRunner.java:329)
	at org.testng.SuiteRunner.privateRun(SuiteRunner.java:291)
	at org.testng.SuiteRunner.run(SuiteRunner.java:240)
	at org.testng.SuiteRunnerWorker.runSuite(SuiteRunnerWorker.java:52)
	at org.testng.SuiteRunnerWorker.run(SuiteRunnerWorker.java:86)
	at org.testng.TestNG.runSuitesSequentially(TestNG.java:1224)
	at org.testng.TestNG.runSuitesLocally(TestNG.java:1149)
	at org.testng.TestNG.run(TestNG.java:1057)
	at org.testng.TestNG.privateMain(TestNG.java:1364)
	at org.testng.TestNG.main(TestNG.java:1333)
]]>
    </error>
  </testcase> <!-- testContactCreationWithValidData -->
</testsuite> <!-- com.example.tests.ContactCreationTests -->
